Found 368 products needing details

Total products: 436

[1/368] Processing: Crown Royal Reserve Whisky
  Fetching product details from https://whiskyandwhiskey.com/products/crown-royal-reserve-whisky...
  ✓ Updated with details
[2/368] Processing: Laphroaig 10 Year Single Malt Scotch Whisky
  Fetching product details from https://whiskyandwhiskey.com/products/laphroaig-10-year-old-single-malt-scotch-whisky...
  ✓ Updated with details
[3/368] Processing: Laphroaig 10 Year Single Malt Scotch Whisky
  Fetching product details from https://whiskyandwhiskey.com/products/laphroaig-10-year-old-single-malt-scotch-whisky...
  ✓ Updated with details
[4/368] Processing: The Glenlivet 12 Year Single Malt Scotch Whisky
  Fetching product details from https://whiskyandwhiskey.com/products/the-glenlivet-12-year-old-single-malt-scotch-whisky...
  ✓ Updated with details
[5/368] Processing: The Glenlivet 12 Year Single Malt Scotch Whisky
  Fetching product details from https://whiskyandwhiskey.com/products/the-glenlivet-12-year-old-single-malt-scotch-whisky...
  ✓ Updated with details
[6/368] Processing: Maker's Mark 46 Cask Strength Bourbon Whiskey
  Fetching product details from https://whiskyandwhiskey.com/products/makers-mark-46-cask-strength-bourbon-whiskey...
  ✓ Updated with details
[7/368] Processing: Maker's Mark 46 Cask Strength Bourbon Whiskey
  Fetching product details from https://whiskyandwhiskey.com/products/makers-mark-46-cask-strength-bourbon-whiskey...
  ✓ Updated with details
[8/368] Processing: Blanton's Gold Edition Bourbon Whiskey
  Fetching product details from https://whiskyandwhiskey.com/products/blantons-gold-edition-bourbon-whiskey-750ml...
  ✓ Updated with details
[9/368] Processing: Blanton's Gold Edition Bourbon Whiskey
  Fetching product details from https://whiskyandwhiskey.com/products/blantons-gold-edition-bourbon-whiskey-750ml...
  ✓ Updated with details
[10/368] Processing: Maker's Mark 101 Proof Bourbon Whiskey
  Fetching product details from https://whiskyandwhiskey.com/products/makers-mark-101-proof-bourbon-whiskey...
  ✓ Updated with details
  Progress saved (10/368)
[11/368] Processing: Maker's Mark 101 Proof Bourbon Whiskey
  Fetching product details from https://whiskyandwhiskey.com/products/makers-mark-101-proof-bourbon-whiskey...
  ✓ Updated with details
[12/368] Processing: The Macallan 15 Year Double Cask Single Malt Scotch Whisky
  Fetching product details from https://whiskyandwhiskey.com/products/the-macallan-15-year-old-double-cask-single-malt-scotch-whisky...
  ✓ Updated with details
[13/368] Processing: The Macallan 15 Year Double Cask Single Malt Scotch Whisky
  Fetching product details from https://whiskyandwhiskey.com/products/the-macallan-15-year-old-double-cask-single-malt-scotch-whisky...
  ✓ Updated with details
[14/368] Processing: Angel's Envy Rye Whiskey Finished in Caribbean Rum Casks
  Fetching product details from https://whiskyandwhiskey.com/products/angels-envy-rye-whiskey-finished-in-caribbean-rum-casks-750ml...
  ✓ Updated with details
[15/368] Processing: Angel's Envy Rye Whiskey Finished in Caribbean Rum Casks
  Fetching product details from https://whiskyandwhiskey.com/products/angels-envy-rye-whiskey-finished-in-caribbean-rum-casks-750ml...
  ✓ Updated with details
[16/368] Processing: Basil Hayden Toast Bourbon Whiskey
  Fetching product details from https://whiskyandwhiskey.com/products/basil-hayden-toast-bourbon-whiskey...
  ✓ Updated with details
[17/368] Processing: Basil Hayden Toast Bourbon Whiskey
  Fetching product details from https://whiskyandwhiskey.com/products/basil-hayden-toast-bourbon-whiskey...
  ✓ Updated with details
[18/368] Processing: The Crown Royal Bundle
  Fetching product details from https://whiskyandwhiskey.com/products/the-crown-royal-bundle...
  ✓ Updated with details
[19/368] Processing: The Crown Royal Bundle
  Fetching product details from https://whiskyandwhiskey.com/products/the-crown-royal-bundle...
  ✓ Updated with details
[20/368] Processing: Colonel E.H. Taylor, Jr. Small Batch Bourbon Whiskey
  Fetching product details from https://whiskyandwhiskey.com/products/colonel-e-h-taylor-jr-small-batch-bourbon-whiskey...
  ✓ Updated with details
  Progress saved (20/368)
[21/368] Processing: Colonel E.H. Taylor, Jr. Small Batch Bourbon Whiskey
  Fetching product details from https://whiskyandwhiskey.com/products/colonel-e-h-taylor-jr-small-batch-bourbon-whiskey...
  ✓ Updated with details
[22/368] Processing: The Glenlivet Caribbean Reserve Single Malt Scotch Whisky
  Fetching product details from https://whiskyandwhiskey.com/products/the-glenlivet-caribbean-reserve-single-malt-scotch-whisky...
  ✓ Updated with details
[23/368] Processing: The Glenlivet Caribbean Reserve Single Malt Scotch Whisky
  Fetching product details from https://whiskyandwhiskey.com/products/the-glenlivet-caribbean-reserve-single-malt-scotch-whisky...
  ✓ Updated with details
[24/368] Processing: Crown Royal Whisky
  Fetching product details from https://whiskyandwhiskey.com/products/crown-royal-whisky...
  ✓ Updated with details
[25/368] Processing: Crown Royal Whisky
  Fetching product details from https://whiskyandwhiskey.com/products/crown-royal-whisky...
  ✓ Updated with details
[26/368] Processing: Jameson Black Barrel Irish Whiskey
  Fetching product details from https://whiskyandwhiskey.com/products/jameson-black-barrel-irish-whiskey...
  ✓ Updated with details
[27/368] Processing: Jameson Black Barrel Irish Whiskey
  Fetching product details from https://whiskyandwhiskey.com/products/jameson-black-barrel-irish-whiskey...
  ✓ Updated with details
[28/368] Processing: The Clover 10 Year Single Barrel Tennessee Straight Bourbon Whiskey
  Fetching product details from https://whiskyandwhiskey.com/products/the-clover-10-year-old-single-barrel-tennessee-straight-bourbon-whiskey...
  ✓ Updated with details
[29/368] Processing: The Clover 10 Year Single Barrel Tennessee Straight Bourbon Whiskey
  Fetching product details from https://whiskyandwhiskey.com/products/the-clover-10-year-old-single-barrel-tennessee-straight-bourbon-whiskey...
  ✓ Updated with details
[30/368] Processing: Jefferson’s Reserve Very Old Bourbon
  Fetching product details from https://whiskyandwhiskey.com/products/jefferson-s-reserve-very-old-bourbon...
  ✓ Updated with details
  Progress saved (30/368)
[31/368] Processing: Jefferson’s Reserve Very Old Bourbon
  Fetching product details from https://whiskyandwhiskey.com/products/jefferson-s-reserve-very-old-bourbon...
  ✓ Updated with details
[32/368] Processing: The Macallan 12 Year Triple Cask Single Malt Scotch Whisky
  Fetching product details from https://whiskyandwhiskey.com/products/the-macallan-12-years-old-triple-cask-scotch-whisky-750ml...
  ✓ Updated with details
[33/368] Processing: The Macallan 12 Year Triple Cask Single Malt Scotch Whisky
  Fetching product details from https://whiskyandwhiskey.com/products/the-macallan-12-years-old-triple-cask-scotch-whisky-750ml...
  ✓ Updated with details
[34/368] Processing: Buchanan's Special Reserve 18 Year Blended Scotch Whisky
  Fetching product details from https://whiskyandwhiskey.com/products/buchanan-18yr-special-reserve-750ml...
  ✓ Updated with details
[35/368] Processing: Buchanan's Special Reserve 18 Year Blended Scotch Whisky
  Fetching product details from https://whiskyandwhiskey.com/products/buchanan-18yr-special-reserve-750ml...
  ✓ Updated with details
[36/368] Processing: Elijah Craig Small Batch Bourbon Whiskey
  Fetching product details from https://whiskyandwhiskey.com/products/elijah-craig-small-batch-bourbon-whiskey...
  ✓ Updated with details
[37/368] Processing: Elijah Craig Small Batch Bourbon Whiskey
  Fetching product details from https://whiskyandwhiskey.com/products/elijah-craig-small-batch-bourbon-whiskey...
  ✓ Updated with details
[38/368] Processing: Monkey Shoulder Batch 27 Blended Malt Scotch Whisky
  Fetching product details from https://whiskyandwhiskey.com/products/monkey-shoulder-batch-27-blended-malt-scotch-whisky...
  ✓ Updated with details
[39/368] Processing: Monkey Shoulder Batch 27 Blended Malt Scotch Whisky
  Fetching product details from https://whiskyandwhiskey.com/products/monkey-shoulder-batch-27-blended-malt-scotch-whisky...
  ✓ Updated with details
[40/368] Processing: 1792 Small Batch Bourbon Whiskey
  Fetching product details from https://whiskyandwhiskey.com/products/1792-small-batch-750ml...
  ✓ Updated with details
  Progress saved (40/368)
[41/368] Processing: 1792 Small Batch Bourbon Whiskey
  Fetching product details from https://whiskyandwhiskey.com/products/1792-small-batch-750ml...
  ✓ Updated with details
[42/368] Processing: The Macallan The Harmony Collection Rich Cacao
  Fetching product details from https://whiskyandwhiskey.com/products/the-macallan-the-harmony-collection-rich-cacao...
  ✓ Updated with details
[43/368] Processing: The Macallan The Harmony Collection Rich Cacao
  Fetching product details from https://whiskyandwhiskey.com/products/the-macallan-the-harmony-collection-rich-cacao...
  ✓ Updated with details
[44/368] Processing: Lagavulin 8 Year Single Malt Scotch Whisky
  Fetching product details from https://whiskyandwhiskey.com/products/lagavulin-8-year-old-single-malt-scotch-whisky...
  ✓ Updated with details
[45/368] Processing: Lagavulin 8 Year Single Malt Scotch Whisky
  Fetching product details from https://whiskyandwhiskey.com/products/lagavulin-8-year-old-single-malt-scotch-whisky...
  ✓ Updated with details
[46/368] Processing: Slow & Low Rock and Rye Straight Rye Whiskey
  Fetching product details from https://whiskyandwhiskey.com/products/slow-low-rock-and-rye-750ml...
  ✓ Updated with details
[47/368] Processing: Slow & Low Rock and Rye Straight Rye Whiskey
  Fetching product details from https://whiskyandwhiskey.com/products/slow-low-rock-and-rye-750ml...
  ✓ Updated with details
[48/368] Processing: Balcones Brimstone Texas Scrub Oak Smoked Whisky
  Fetching product details from https://whiskyandwhiskey.com/products/balcones-brimstone-texas-scrub-oak-smoked-whisky-750ml...
  ✓ Updated with details
[49/368] Processing: Balcones Brimstone Texas Scrub Oak Smoked Whisky
  Fetching product details from https://whiskyandwhiskey.com/products/balcones-brimstone-texas-scrub-oak-smoked-whisky-750ml...
  ✓ Updated with details
[50/368] Processing: Crown Royal Black Whisky
  Fetching product details from https://whiskyandwhiskey.com/products/crown-royal-black-750ml...
  ✓ Updated with details
  Progress saved (50/368)
[51/368] Processing: Crown Royal Black Whisky
  Fetching product details from https://whiskyandwhiskey.com/products/crown-royal-black-750ml...
  ✓ Updated with details
[52/368] Processing: Talisker 10 Year Single Malt Scotch Whisky
  Fetching product details from https://whiskyandwhiskey.com/products/talisker-10-year-old-single-malt-scotch-whisky...
  ✓ Updated with details
[53/368] Processing: Talisker 10 Year Single Malt Scotch Whisky
  Fetching product details from https://whiskyandwhiskey.com/products/talisker-10-year-old-single-malt-scotch-whisky...
  ✓ Updated with details
[54/368] Processing: The Balvenie 14 Year Caribbean Cask Single Malt Scotch Whisky
  Fetching product details from https://whiskyandwhiskey.com/products/balvenie-14yr-cb-cask-750ml...
  ✓ Updated with details
[55/368] Processing: The Balvenie 14 Year Caribbean Cask Single Malt Scotch Whisky
  Fetching product details from https://whiskyandwhiskey.com/products/balvenie-14yr-cb-cask-750ml...
  ✓ Updated with details
[56/368] Processing: 10th Mountain Rye Whiskey
  Fetching product details from https://whiskyandwhiskey.com/products/10th-mountain-rye-whiskey-750ml...
  ✓ Updated with details
[57/368] Processing: 10th Mountain Rye Whiskey
  Fetching product details from https://whiskyandwhiskey.com/products/10th-mountain-rye-whiskey-750ml...
  ✓ Updated with details
[58/368] Processing: Highland Park 12 Year Single Malt Scotch Whisky
  Fetching product details from https://whiskyandwhiskey.com/products/highland-park-12-year-old-single-malt-scotch-whisky...
  ✓ Updated with details
[59/368] Processing: Highland Park 12 Year Single Malt Scotch Whisky
  Fetching product details from https://whiskyandwhiskey.com/products/highland-park-12-year-old-single-malt-scotch-whisky...
  ✓ Updated with details
[60/368] Processing: Knob Creek Smoked Maple Bourbon Whiskey
  Fetching product details from https://whiskyandwhiskey.com/products/knob-creek-smoked-maple-750ml...
  ✓ Updated with details
  Progress saved (60/368)
[61/368] Processing: Knob Creek Smoked Maple Bourbon Whiskey
  Fetching product details from https://whiskyandwhiskey.com/products/knob-creek-smoked-maple-750ml...
  ✓ Updated with details
[62/368] Processing: Bushmills 21 Year Single Malt Irish Whiskey
  Fetching product details from https://whiskyandwhiskey.com/products/bushmills-21-year-old-single-malt-irish-whiskey...
  ✓ Updated with details
[63/368] Processing: Bushmills 21 Year Single Malt Irish Whiskey
  Fetching product details from https://whiskyandwhiskey.com/products/bushmills-21-year-old-single-malt-irish-whiskey...
  ✓ Updated with details
[64/368] Processing: The Macallan 18 Year Sherry Oak Cask Single Malt Scotch Whisky
  Fetching product details from https://whiskyandwhiskey.com/products/macallan-18-year-sherry-oak-750ml...
  ✓ Updated with details
[65/368] Processing: The Macallan 18 Year Sherry Oak Cask Single Malt Scotch Whisky
  Fetching product details from https://whiskyandwhiskey.com/products/macallan-18-year-sherry-oak-750ml...
  ✓ Updated with details
[66/368] Processing: The Angel's Envy Whiskey Bundle
  Fetching product details from https://whiskyandwhiskey.com/products/the-angels-envy-whiskey-bundle...
  ✓ Updated with details
[67/368] Processing: The Angel's Envy Whiskey Bundle
  Fetching product details from https://whiskyandwhiskey.com/products/the-angels-envy-whiskey-bundle...
  ✓ Updated with details
[68/368] Processing: The Redwood Empire Whiskey Bundle
  Fetching product details from https://whiskyandwhiskey.com/products/the-redwood-empire-whiskey-bundle...
  ✓ Updated with details
[69/368] Processing: The Redwood Empire Whiskey Bundle
  Fetching product details from https://whiskyandwhiskey.com/products/the-redwood-empire-whiskey-bundle...
  ✓ Updated with details
[70/368] Processing: Redbreast 12 Year Cask Strength Irish Whiskey
  Fetching product details from https://whiskyandwhiskey.com/products/redbreast-12-year-old-cask-strength-irish-whiskey...
  ✓ Updated with details
  Progress saved (70/368)
[71/368] Processing: Redbreast 12 Year Cask Strength Irish Whiskey
  Fetching product details from https://whiskyandwhiskey.com/products/redbreast-12-year-old-cask-strength-irish-whiskey...
  ✓ Updated with details
[72/368] Processing: WhistlePig FarmStock Rye Crop No. 003 Rye Whiskey
  Fetching product details from https://whiskyandwhiskey.com/products/whistlepig-farmstock-rye-crop-no-003-rye-whiskey...
  ✓ Updated with details
[73/368] Processing: WhistlePig FarmStock Rye Crop No. 003 Rye Whiskey
  Fetching product details from https://whiskyandwhiskey.com/products/whistlepig-farmstock-rye-crop-no-003-rye-whiskey...
  ✓ Updated with details
[74/368] Processing: Pure Kentucky XO Small Batch Straight Bourbon Whiskey
  Fetching product details from https://whiskyandwhiskey.com/products/pure-kentucky-xo-straight-bourbon-whiskey-750ml...
  ✓ Updated with details
[75/368] Processing: Pure Kentucky XO Small Batch Straight Bourbon Whiskey
  Fetching product details from https://whiskyandwhiskey.com/products/pure-kentucky-xo-straight-bourbon-whiskey-750ml...
  ✓ Updated with details
[76/368] Processing: The Glenlivet 21 Year Single Malt Scotch Whisky
  Fetching product details from https://whiskyandwhiskey.com/products/the-glenlivet-21-year-old-single-malt-scotch-whisky...
  ✓ Updated with details
[77/368] Processing: The Glenlivet 21 Year Single Malt Scotch Whisky
  Fetching product details from https://whiskyandwhiskey.com/products/the-glenlivet-21-year-old-single-malt-scotch-whisky...
  ✓ Updated with details
[78/368] Processing: 1792 Single Barrel Bourbon Whiskey
  Fetching product details from https://whiskyandwhiskey.com/products/1792-single-barrel-bourbon-whiskey...
  ✓ Updated with details
[79/368] Processing: 1792 Single Barrel Bourbon Whiskey
  Fetching product details from https://whiskyandwhiskey.com/products/1792-single-barrel-bourbon-whiskey...
  ✓ Updated with details
[80/368] Processing: 1792 Single Barrel Bourbon Whiskey
  Fetching product details from https://whiskyandwhiskey.com/products/1792-single-barrel-bourbon-whiskey...
  ✓ Updated with details
  Progress saved (80/368)
[81/368] Processing: Crown Royal Apple Whisky
  Fetching product details from https://whiskyandwhiskey.com/products/crown-royal-apple-whisky...
  ✓ Updated with details
[82/368] Processing: Crown Royal Apple Whisky
  Fetching product details from https://whiskyandwhiskey.com/products/crown-royal-apple-whisky...
  ✓ Updated with details
[83/368] Processing: Bulleit Bourbon Whiskey
  Fetching product details from https://whiskyandwhiskey.com/products/bulleit-bourbon-whiskey-750ml...
  ✓ Updated with details
[84/368] Processing: Bulleit Bourbon Whiskey
  Fetching product details from https://whiskyandwhiskey.com/products/bulleit-bourbon-whiskey-750ml...
  ✓ Updated with details
[85/368] Processing: Devils River Small Batch Bourbon Whiskey
  Fetching product details from https://whiskyandwhiskey.com/products/devils-river-bourbon-750ml...
  ✓ Updated with details
[86/368] Processing: Devils River Small Batch Bourbon Whiskey
  Fetching product details from https://whiskyandwhiskey.com/products/devils-river-bourbon-750ml...
  ✓ Updated with details
[87/368] Processing: Jim Beam Bourbon Whiskey
  Fetching product details from https://whiskyandwhiskey.com/products/jim-beam-bourbon-750ml...
  ✓ Updated with details
[88/368] Processing: Jim Beam Bourbon Whiskey
  Fetching product details from https://whiskyandwhiskey.com/products/jim-beam-bourbon-750ml...
  ✓ Updated with details
[89/368] Processing: WhistlePig 15 Year Vermont Estate Oak Straight Rye Whiskey
  Fetching product details from https://whiskyandwhiskey.com/products/whistlepig-15-year-old-vermont-estate-oak-straight-rye-whiskey...
  ✓ Updated with details
[90/368] Processing: WhistlePig 15 Year Vermont Estate Oak Straight Rye Whiskey
  Fetching product details from https://whiskyandwhiskey.com/products/whistlepig-15-year-old-vermont-estate-oak-straight-rye-whiskey...
  ✓ Updated with details
  Progress saved (90/368)
[91/368] Processing: Larceny Small Batch Bourbon Whiskey
  Fetching product details from https://whiskyandwhiskey.com/products/larceny-bourbon-750ml...
  ✓ Updated with details
[92/368] Processing: Larceny Small Batch Bourbon Whiskey
  Fetching product details from https://whiskyandwhiskey.com/products/larceny-bourbon-750ml...
  ✓ Updated with details
[93/368] Processing: Breckenridge Port Cask Finish Bourbon Whiskey
  Fetching product details from https://whiskyandwhiskey.com/products/breckenridge-port-cask-finish-750ml...
  ✓ Updated with details
[94/368] Processing: Breckenridge Port Cask Finish Bourbon Whiskey
  Fetching product details from https://whiskyandwhiskey.com/products/breckenridge-port-cask-finish-750ml...
  ✓ Updated with details
[95/368] Processing: Peerless Small Batch Bourbon Whiskey
  Fetching product details from https://whiskyandwhiskey.com/products/peerless-small-batch-bourbon-whiskey...
  ✓ Updated with details
[96/368] Processing: Peerless Small Batch Bourbon Whiskey
  Fetching product details from https://whiskyandwhiskey.com/products/peerless-small-batch-bourbon-whiskey...
  ✓ Updated with details
[97/368] Processing: Yellow Spot 12 Year Single Pot Still Irish Whiskey
  Fetching product details from https://whiskyandwhiskey.com/products/yellow-spot-12-year-old-single-pot-still-irish-whiskey...
  ✓ Updated with details
[98/368] Processing: Yellow Spot 12 Year Single Pot Still Irish Whiskey
  Fetching product details from https://whiskyandwhiskey.com/products/yellow-spot-12-year-old-single-pot-still-irish-whiskey...
  ✓ Updated with details
[99/368] Processing: Russell's Reserve 10 Year Bourbon Whiskey
  Fetching product details from https://whiskyandwhiskey.com/products/russells-reserve-10-year-old-bourbon-whiskey...
  ✓ Updated with details
[100/368] Processing: Russell's Reserve 10 Year Bourbon Whiskey
  Fetching product details from https://whiskyandwhiskey.com/products/russells-reserve-10-year-old-bourbon-whiskey...
  ✓ Updated with details
  Progress saved (100/368)
[101/368] Processing: Garrison Brothers Guadalupe Bourbon Whiskey
  Fetching product details from https://whiskyandwhiskey.com/products/garrison-brothers-guadalupe-bourbon-whiskey-750ml...
  ✓ Updated with details
[102/368] Processing: Garrison Brothers Guadalupe Bourbon Whiskey
  Fetching product details from https://whiskyandwhiskey.com/products/garrison-brothers-guadalupe-bourbon-whiskey-750ml...
  ✓ Updated with details
[103/368] Processing: Bushmills 16 Year Single Malt Irish Whiskey
  Fetching product details from https://whiskyandwhiskey.com/products/bushmills-16-year-old-single-malt-irish-whiskey...
  ✓ Updated with details
[104/368] Processing: Bushmills 16 Year Single Malt Irish Whiskey
  Fetching product details from https://whiskyandwhiskey.com/products/bushmills-16-year-old-single-malt-irish-whiskey...
  ✓ Updated with details
[105/368] Processing: The Dalmore Port Wood Reserve Single Malt Scotch Whisky
  Fetching product details from https://whiskyandwhiskey.com/products/the-dalmore-port-wood-reserve-single-malt-scotch-whisky...
  ✓ Updated with details
[106/368] Processing: The Dalmore Port Wood Reserve Single Malt Scotch Whisky
  Fetching product details from https://whiskyandwhiskey.com/products/the-dalmore-port-wood-reserve-single-malt-scotch-whisky...
  ✓ Updated with details
[107/368] Processing: Oban Distiller's Edition Highland Single Malt Scotch Whisky
  Fetching product details from https://whiskyandwhiskey.com/products/oban-distillers-edition-highland-single-malt-scotch-whisky-750ml...
  ✓ Updated with details
[108/368] Processing: Oban Distiller's Edition Highland Single Malt Scotch Whisky
  Fetching product details from https://whiskyandwhiskey.com/products/oban-distillers-edition-highland-single-malt-scotch-whisky-750ml...
  ✓ Updated with details
[109/368] Processing: Paddy's Old Irish Whiskey
  Fetching product details from https://whiskyandwhiskey.com/products/paddys-old-irish-whiskey-750ml...
  ✓ Updated with details
[110/368] Processing: Paddy's Old Irish Whiskey
  Fetching product details from https://whiskyandwhiskey.com/products/paddys-old-irish-whiskey-750ml...
  ✓ Updated with details
  Progress saved (110/368)
[111/368] Processing: Nikka Miyagikyo Single Malt Whisky
  Fetching product details from https://whiskyandwhiskey.com/products/nikka-miyagikyo-japanese-whisky-750ml...
  ✓ Updated with details
[112/368] Processing: Nikka Miyagikyo Single Malt Whisky
  Fetching product details from https://whiskyandwhiskey.com/products/nikka-miyagikyo-japanese-whisky-750ml...
  ✓ Updated with details
[113/368] Processing: Johnnie Walker Double Black Blended Scotch Whisky
  Fetching product details from https://whiskyandwhiskey.com/products/johnnie-walker-double-black-750ml...
  ✓ Updated with details
[114/368] Processing: Johnnie Walker Double Black Blended Scotch Whisky
  Fetching product details from https://whiskyandwhiskey.com/products/johnnie-walker-double-black-750ml...
  ✓ Updated with details
[115/368] Processing: The Sexton Single Malt Irish Whiskey
  Fetching product details from https://whiskyandwhiskey.com/products/sexton-irish-whiskey-750ml-80pf...
  ✓ Updated with details
[116/368] Processing: The Sexton Single Malt Irish Whiskey
  Fetching product details from https://whiskyandwhiskey.com/products/sexton-irish-whiskey-750ml-80pf...
  ✓ Updated with details
[117/368] Processing: Michter's US*1 Single Barrel Straight Rye Whiskey
  Fetching product details from https://whiskyandwhiskey.com/products/michters-us-1-kentucky-straight-rye-750ml...
  ✓ Updated with details
[118/368] Processing: Michter's US*1 Single Barrel Straight Rye Whiskey
  Fetching product details from https://whiskyandwhiskey.com/products/michters-us-1-kentucky-straight-rye-750ml...
  ✓ Updated with details
[119/368] Processing: 1792 Full Proof Bourbon Whiskey
  Fetching product details from https://whiskyandwhiskey.com/products/1792-full-proof-bourbon-whiskey...
  ✓ Updated with details
[120/368] Processing: 1792 Full Proof Bourbon Whiskey
  Fetching product details from https://whiskyandwhiskey.com/products/1792-full-proof-bourbon-whiskey...
  ✓ Updated with details
  Progress saved (120/368)
[121/368] Processing: Smoke Wagon Uncut Unfiltered Straight Bourbon Whiskey
  Fetching product details from https://whiskyandwhiskey.com/products/smoke-wagon-uncut-unfiltered-straight-bourbon-whiskey...
  ✓ Updated with details
[122/368] Processing: Smoke Wagon Uncut Unfiltered Straight Bourbon Whiskey
  Fetching product details from https://whiskyandwhiskey.com/products/smoke-wagon-uncut-unfiltered-straight-bourbon-whiskey...
  ✓ Updated with details
[123/368] Processing: Widow Jane The Vaults 15 Year Bourbon Whiskey
  Fetching product details from https://whiskyandwhiskey.com/products/widow-jane-the-vaults-15-year-old-bourbon-whiskey-750ml...
  ✓ Updated with details
[124/368] Processing: Widow Jane The Vaults 15 Year Bourbon Whiskey
  Fetching product details from https://whiskyandwhiskey.com/products/widow-jane-the-vaults-15-year-old-bourbon-whiskey-750ml...
  ✓ Updated with details
[125/368] Processing: Chivas Regal 18 Year Gold Signature Blended Scotch Whisky
  Fetching product details from https://whiskyandwhiskey.com/products/chivas-regal-18-year-old-gold-signature-blended-scotch-whisky...
  ✓ Updated with details
[126/368] Processing: Chivas Regal 18 Year Gold Signature Blended Scotch Whisky
  Fetching product details from https://whiskyandwhiskey.com/products/chivas-regal-18-year-old-gold-signature-blended-scotch-whisky...
  ✓ Updated with details
[127/368] Processing: The Peanut Butter Cookie Whiskey Bundle
  Fetching product details from https://whiskyandwhiskey.com/products/the-peanut-butter-cookie-whiskey-bundle...
  ✓ Updated with details
[128/368] Processing: The Peanut Butter Cookie Whiskey Bundle
  Fetching product details from https://whiskyandwhiskey.com/products/the-peanut-butter-cookie-whiskey-bundle...
  ✓ Updated with details
[129/368] Processing: George Remus Straight Bourbon Whiskey
  Fetching product details from https://whiskyandwhiskey.com/products/george-remus-straight-bourbon-whiskey-750ml...
  ✓ Updated with details
[130/368] Processing: George Remus Straight Bourbon Whiskey
  Fetching product details from https://whiskyandwhiskey.com/products/george-remus-straight-bourbon-whiskey-750ml...
  ✓ Updated with details
  Progress saved (130/368)
[131/368] Processing: The Macallan 18 Year Double Cask Single Malt Scotch Whisky
  Fetching product details from https://whiskyandwhiskey.com/products/the-macallan-18-years-old-double-cask-750ml...
  ✓ Updated with details
[132/368] Processing: The Macallan 18 Year Double Cask Single Malt Scotch Whisky
  Fetching product details from https://whiskyandwhiskey.com/products/the-macallan-18-years-old-double-cask-750ml...
  ✓ Updated with details
[133/368] Processing: Wild Turkey Rare Breed Barrel Proof Rye
  Fetching product details from https://whiskyandwhiskey.com/products/wild-turkey-rare-breed-barrel-proof-rye...
  ✓ Updated with details
[134/368] Processing: Wild Turkey Rare Breed Barrel Proof Rye
  Fetching product details from https://whiskyandwhiskey.com/products/wild-turkey-rare-breed-barrel-proof-rye...
  ✓ Updated with details
[135/368] Processing: Green Spot Single Pot Still Irish Whiskey
  Fetching product details from https://whiskyandwhiskey.com/products/green-spot-single-pot-still-irish-whiskey...
  ✓ Updated with details
[136/368] Processing: Green Spot Single Pot Still Irish Whiskey
  Fetching product details from https://whiskyandwhiskey.com/products/green-spot-single-pot-still-irish-whiskey...
  ✓ Updated with details
[137/368] Processing: Blanton's Black Edition Bourbon Whiskey
  Fetching product details from https://whiskyandwhiskey.com/products/blantons-black-edition-bourbon-whiskey-750ml...
  ✓ Updated with details
[138/368] Processing: Blanton's Black Edition Bourbon Whiskey
  Fetching product details from https://whiskyandwhiskey.com/products/blantons-black-edition-bourbon-whiskey-750ml...
  ✓ Updated with details
[139/368] Processing: Hillrock Double Cask Rye Whiskey
  Fetching product details from https://whiskyandwhiskey.com/products/hillrock-double-cask-rye-whiskey-sauternes-cask-finished-750ml...
  ✓ Updated with details
[140/368] Processing: Hillrock Double Cask Rye Whiskey
  Fetching product details from https://whiskyandwhiskey.com/products/hillrock-double-cask-rye-whiskey-sauternes-cask-finished-750ml...
  ✓ Updated with details
  Progress saved (140/368)
[141/368] Processing: Redbreast 15 Year Irish Whiskey
  Fetching product details from https://whiskyandwhiskey.com/products/redbreast-aged-15-years-irish-whiskey-750ml...
  ✓ Updated with details
[142/368] Processing: Redbreast 15 Year Irish Whiskey
  Fetching product details from https://whiskyandwhiskey.com/products/redbreast-aged-15-years-irish-whiskey-750ml...
  ✓ Updated with details
[143/368] Processing: The Dalmore 12 Year Single Malt Scotch Whisky
  Fetching product details from https://whiskyandwhiskey.com/products/the-dalmore-12-year-old-single-malt-scotch-whisky...
  ✓ Updated with details
[144/368] Processing: The Dalmore 12 Year Single Malt Scotch Whisky
  Fetching product details from https://whiskyandwhiskey.com/products/the-dalmore-12-year-old-single-malt-scotch-whisky...
  ✓ Updated with details
[145/368] Processing: Johnny Drum Private Stock Kentucky Bourbon Whiskey
  Fetching product details from https://whiskyandwhiskey.com/products/willett-johnny-drum-private-stock-bourbon-whiskey-750ml...
  ✓ Updated with details
[146/368] Processing: Johnny Drum Private Stock Kentucky Bourbon Whiskey
  Fetching product details from https://whiskyandwhiskey.com/products/willett-johnny-drum-private-stock-bourbon-whiskey-750ml...
  ✓ Updated with details
[147/368] Processing: Liberty Call Special Reserve Bourbon Whiskey '50 Caliber Bullet Bottle'
  Fetching product details from https://whiskyandwhiskey.com/products/liberty-call-special-reserve-very-small-batch-bourbon-whiskey-bullet-bottle-750ml...
  ✓ Updated with details
[148/368] Processing: Liberty Call Special Reserve Bourbon Whiskey '50 Caliber Bullet Bottle'
  Fetching product details from https://whiskyandwhiskey.com/products/liberty-call-special-reserve-very-small-batch-bourbon-whiskey-bullet-bottle-750ml...
  ✓ Updated with details
[149/368] Processing: Johnnie Walker Blue Label Blended Scotch Whisky
  Fetching product details from https://whiskyandwhiskey.com/products/johnnie-walker-blue-label-blended-scotch-whisky...
  ✓ Updated with details
[150/368] Processing: Johnnie Walker Blue Label Blended Scotch Whisky
  Fetching product details from https://whiskyandwhiskey.com/products/johnnie-walker-blue-label-blended-scotch-whisky...
  ✓ Updated with details
  Progress saved (150/368)
[151/368] Processing: Laphroaig Select Single Malt Scotch Whisky
  Fetching product details from https://whiskyandwhiskey.com/products/laphroaig-select-single-malt-scotch-whisky...
  ✓ Updated with details
[152/368] Processing: Laphroaig Select Single Malt Scotch Whisky
  Fetching product details from https://whiskyandwhiskey.com/products/laphroaig-select-single-malt-scotch-whisky...
  ✓ Updated with details
[153/368] Processing: Basil Hayden 10 Year Bourbon Whiskey
  Fetching product details from https://whiskyandwhiskey.com/products/basil-haydens-10-yr-bourbon-750ml...
  ✓ Updated with details
[154/368] Processing: Basil Hayden 10 Year Bourbon Whiskey
  Fetching product details from https://whiskyandwhiskey.com/products/basil-haydens-10-yr-bourbon-750ml...
  ✓ Updated with details
[155/368] Processing: Glenfiddich 15 Year Solera Reserve Single Malt Scotch Whisky
  Fetching product details from https://whiskyandwhiskey.com/products/glenfiddich-15yr-750ml...
  ✓ Updated with details
[156/368] Processing: Glenfiddich 15 Year Solera Reserve Single Malt Scotch Whisky
  Fetching product details from https://whiskyandwhiskey.com/products/glenfiddich-15yr-750ml...
  ✓ Updated with details
[157/368] Processing: Old Rip Van Winkle 10 Year Bourbon
  Fetching product details from https://whiskyandwhiskey.com/products/old-rip-van-winkle-10-year-old-bourbon...
  ✓ Updated with details
[158/368] Processing: Old Rip Van Winkle 10 Year Bourbon
  Fetching product details from https://whiskyandwhiskey.com/products/old-rip-van-winkle-10-year-old-bourbon...
  ✓ Updated with details
[159/368] Processing: Jack Daniel's Tennessee Fire
  Fetching product details from https://whiskyandwhiskey.com/products/jack-daniels-tennessee-fire-750ml...
  ✓ Updated with details
[160/368] Processing: Jack Daniel's Tennessee Fire
  Fetching product details from https://whiskyandwhiskey.com/products/jack-daniels-tennessee-fire-750ml...
  ✓ Updated with details
  Progress saved (160/368)
[161/368] Processing: Jack Daniel's Single Barrel Select Rye Whiskey
  Fetching product details from https://whiskyandwhiskey.com/products/jack-daniels-single-barrel-select-rye-750ml...
  ✓ Updated with details
[162/368] Processing: Jack Daniel's Single Barrel Select Rye Whiskey
  Fetching product details from https://whiskyandwhiskey.com/products/jack-daniels-single-barrel-select-rye-750ml...
  ✓ Updated with details
[163/368] Processing: Basil Hayden Dark Rye Whiskey
  Fetching product details from https://whiskyandwhiskey.com/products/basil-hayden-dark-rye-whiskey...
  ✓ Updated with details
[164/368] Processing: Basil Hayden Dark Rye Whiskey
  Fetching product details from https://whiskyandwhiskey.com/products/basil-hayden-dark-rye-whiskey...
  ✓ Updated with details
[165/368] Processing: Maker's Mark Cask Strength Bourbon Whiskey
  Fetching product details from https://whiskyandwhiskey.com/products/makers-mark-cask-strength-bourbon-whiskey...
  ✓ Updated with details
[166/368] Processing: Maker's Mark Cask Strength Bourbon Whiskey
  Fetching product details from https://whiskyandwhiskey.com/products/makers-mark-cask-strength-bourbon-whiskey...
  ✓ Updated with details
[167/368] Processing: Jameson 18 Year Triple Distilled Irish Whiskey
  Fetching product details from https://whiskyandwhiskey.com/products/jameson-18-year-old-triple-distilled-irish-whiskey...
  ✓ Updated with details
[168/368] Processing: Jameson 18 Year Triple Distilled Irish Whiskey
  Fetching product details from https://whiskyandwhiskey.com/products/jameson-18-year-old-triple-distilled-irish-whiskey...
  ✓ Updated with details
[169/368] Processing: Peerless Kentucky Straight Rye Whiskey
  Fetching product details from https://whiskyandwhiskey.com/products/peerless-kentucky-straight-rye-whiskey...
  ✓ Updated with details
[170/368] Processing: Peerless Kentucky Straight Rye Whiskey
  Fetching product details from https://whiskyandwhiskey.com/products/peerless-kentucky-straight-rye-whiskey...
  ✓ Updated with details
  Progress saved (170/368)
[171/368] Processing: Joseph Magnus Straight Bourbon Whiskey
  Fetching product details from https://whiskyandwhiskey.com/products/joseph-magnus-straight-bourbon-whiskey...
  ✓ Updated with details
[172/368] Processing: Joseph Magnus Straight Bourbon Whiskey
  Fetching product details from https://whiskyandwhiskey.com/products/joseph-magnus-straight-bourbon-whiskey...
  ✓ Updated with details
[173/368] Processing: Kentucky Owl Bourbon St. Patrick's Edition
  Fetching product details from https://whiskyandwhiskey.com/products/kentucky-owl-bourbon-st-patricks-edition-750ml...
  ✓ Updated with details
[174/368] Processing: Kentucky Owl Bourbon St. Patrick's Edition
  Fetching product details from https://whiskyandwhiskey.com/products/kentucky-owl-bourbon-st-patricks-edition-750ml...
  ✓ Updated with details
[175/368] Processing: Ardbeg 10 Year Single Malt Scotch Whisky
  Fetching product details from https://whiskyandwhiskey.com/products/ardbeg-10-year-old-single-malt-scotch-whisky-750ml...
  ✓ Updated with details
[176/368] Processing: Ardbeg 10 Year Single Malt Scotch Whisky
  Fetching product details from https://whiskyandwhiskey.com/products/ardbeg-10-year-old-single-malt-scotch-whisky-750ml...
  ✓ Updated with details
[177/368] Processing: Ardbeg 10 Year Single Malt Scotch Whisky
  Fetching product details from https://whiskyandwhiskey.com/products/ardbeg-10-year-old-single-malt-scotch-whisky-750ml...
  ✓ Updated with details
[178/368] Processing: Redwood Empire Pipe Dream Bourbon Whiskey
  Fetching product details from https://whiskyandwhiskey.com/products/redwood-empire-pipe-dream-bourbon-whiskey-750ml...
  ✓ Updated with details
[179/368] Processing: Redwood Empire Pipe Dream Bourbon Whiskey
  Fetching product details from https://whiskyandwhiskey.com/products/redwood-empire-pipe-dream-bourbon-whiskey-750ml...
  ✓ Updated with details
[180/368] Processing: The Four Roses Bourbon Bundle
  Fetching product details from https://whiskyandwhiskey.com/products/the-four-roses-bourbon-bundle...
  ✓ Updated with details
  Progress saved (180/368)
[181/368] Processing: The Four Roses Bourbon Bundle
  Fetching product details from https://whiskyandwhiskey.com/products/the-four-roses-bourbon-bundle...
  ✓ Updated with details
[182/368] Processing: The WhistlePig Rye Whiskey Bundle
  Fetching product details from https://whiskyandwhiskey.com/products/the-whistlepig-rye-whiskey-bundle...
  ✓ Updated with details
[183/368] Processing: The WhistlePig Rye Whiskey Bundle
  Fetching product details from https://whiskyandwhiskey.com/products/the-whistlepig-rye-whiskey-bundle...
  ✓ Updated with details
[184/368] Processing: Kentucky Owl Wiseman Bourbon Whiskey
  Fetching product details from https://whiskyandwhiskey.com/products/kentucky-owl-wiseman-bourbon-whiskey-750ml...
  ✓ Updated with details
[185/368] Processing: Kentucky Owl Wiseman Bourbon Whiskey
  Fetching product details from https://whiskyandwhiskey.com/products/kentucky-owl-wiseman-bourbon-whiskey-750ml...
  ✓ Updated with details
[186/368] Processing: Aberlour 18 Year Double Cask Matured Scotch Whisky
  Fetching product details from https://whiskyandwhiskey.com/products/aberlour-18-year-old-double-cask-matured-scotch-whisky-750ml...
  ✓ Updated with details
[187/368] Processing: Aberlour 18 Year Double Cask Matured Scotch Whisky
  Fetching product details from https://whiskyandwhiskey.com/products/aberlour-18-year-old-double-cask-matured-scotch-whisky-750ml...
  ✓ Updated with details
[188/368] Processing: Pendleton 'We've Got Your 6' Military Appreciation Edition Bottle
  Fetching product details from https://whiskyandwhiskey.com/products/pendleton-weve-got-your-6-military-appreciation-edition-bottle...
  ✓ Updated with details
[189/368] Processing: Pendleton 'We've Got Your 6' Military Appreciation Edition Bottle
  Fetching product details from https://whiskyandwhiskey.com/products/pendleton-weve-got-your-6-military-appreciation-edition-bottle...
  ✓ Updated with details
[190/368] Processing: Templeton 10 Year Rye Whiskey
  Fetching product details from https://whiskyandwhiskey.com/products/templeton-10-year-old-rye-whiskey...
  ✓ Updated with details
  Progress saved (190/368)
[191/368] Processing: Templeton 10 Year Rye Whiskey
  Fetching product details from https://whiskyandwhiskey.com/products/templeton-10-year-old-rye-whiskey...
  ✓ Updated with details
[192/368] Processing: Amador Double Barrel Bourbon Finished in Cabernet Sauvignon Barrels
  Fetching product details from https://whiskyandwhiskey.com/products/amador-double-barrel-cabernet-sauvignon-finish-bourbon-whiskey-750ml...
  ✓ Updated with details
[193/368] Processing: Amador Double Barrel Bourbon Finished in Cabernet Sauvignon Barrels
  Fetching product details from https://whiskyandwhiskey.com/products/amador-double-barrel-cabernet-sauvignon-finish-bourbon-whiskey-750ml...
  ✓ Updated with details
[194/368] Processing: Aberlour A'bunadh Single Malt Scotch Whisky
  Fetching product details from https://whiskyandwhiskey.com/products/aberlour-abunadh-single-malt-scotch-whisky-750ml...
  ✓ Updated with details
[195/368] Processing: Aberlour A'bunadh Single Malt Scotch Whisky
  Fetching product details from https://whiskyandwhiskey.com/products/aberlour-abunadh-single-malt-scotch-whisky-750ml...
  ✓ Updated with details
[196/368] Processing: Puncher's Chance Kentucky Straight Bourbon Whiskey
  Fetching product details from https://whiskyandwhiskey.com/products/punchers-chance-kentucky-straight-bourbon-whiskey-750ml...
  ✓ Updated with details
[197/368] Processing: Puncher's Chance Kentucky Straight Bourbon Whiskey
  Fetching product details from https://whiskyandwhiskey.com/products/punchers-chance-kentucky-straight-bourbon-whiskey-750ml...
  ✓ Updated with details
[198/368] Processing: Blanton's Straight From The Barrel Bourbon Whiskey
  Fetching product details from https://whiskyandwhiskey.com/products/blantons-straight-from-the-barrel-bourbon-whiskey-750ml...
  ✓ Updated with details
[199/368] Processing: Blanton's Straight From The Barrel Bourbon Whiskey
  Fetching product details from https://whiskyandwhiskey.com/products/blantons-straight-from-the-barrel-bourbon-whiskey-750ml...
  ✓ Updated with details
[200/368] Processing: The Glenlivet 14 Year Single Malt Scotch Whisky
  Fetching product details from https://whiskyandwhiskey.com/products/the-glenlivet-14-year-old-single-malt-scotch-whisky...
  ✓ Updated with details
  Progress saved (200/368)
[201/368] Processing: The Glenlivet 14 Year Single Malt Scotch Whisky
  Fetching product details from https://whiskyandwhiskey.com/products/the-glenlivet-14-year-old-single-malt-scotch-whisky...
  ✓ Updated with details
[202/368] Processing: High West Double Rye Whiskey
  Fetching product details from https://whiskyandwhiskey.com/products/high-west-double-rye-whiskey-750ml...
  ✓ Updated with details
[203/368] Processing: High West Double Rye Whiskey
  Fetching product details from https://whiskyandwhiskey.com/products/high-west-double-rye-whiskey-750ml...
  ✓ Updated with details
[204/368] Processing: Tincup American Whiskey
  Fetching product details from https://whiskyandwhiskey.com/products/tin-cup-whiskey-750ml...
  ✓ Updated with details
[205/368] Processing: Tincup American Whiskey
  Fetching product details from https://whiskyandwhiskey.com/products/tin-cup-whiskey-750ml...
  ✓ Updated with details
[206/368] Processing: Woodford Reserve Kentucky Straight Rye Whiskey
  Fetching product details from https://whiskyandwhiskey.com/products/woodford-reserve-kentucky-straight-rye-whiskey...
  ✓ Updated with details
[207/368] Processing: Woodford Reserve Kentucky Straight Rye Whiskey
  Fetching product details from https://whiskyandwhiskey.com/products/woodford-reserve-kentucky-straight-rye-whiskey...
  ✓ Updated with details
[208/368] Processing: Bulleit Rye Whiskey
  Fetching product details from https://whiskyandwhiskey.com/products/bulleit-rye-whiskey-750ml...
  ✓ Updated with details
[209/368] Processing: Bulleit Rye Whiskey
  Fetching product details from https://whiskyandwhiskey.com/products/bulleit-rye-whiskey-750ml...
  ✓ Updated with details
[210/368] Processing: The Dalmore 15 Year Single Malt Scotch Whisky
  Fetching product details from https://whiskyandwhiskey.com/products/the-dalmore-15yr-scotch-750ml...
  ✓ Updated with details
  Progress saved (210/368)
[211/368] Processing: The Dalmore 15 Year Single Malt Scotch Whisky
  Fetching product details from https://whiskyandwhiskey.com/products/the-dalmore-15yr-scotch-750ml...
  ✓ Updated with details
[212/368] Processing: Fireball Cinnamon Whisky
  Fetching product details from https://whiskyandwhiskey.com/products/fireball-cinnamon-whisky...
  ✓ Updated with details
[213/368] Processing: Fireball Cinnamon Whisky
  Fetching product details from https://whiskyandwhiskey.com/products/fireball-cinnamon-whisky...
  ✓ Updated with details
[214/368] Processing: Glenfiddich 12 Year Single Malt Scotch Whisky
  Fetching product details from https://whiskyandwhiskey.com/products/glenfiddich-12-year-old-single-malt-scotch-whisky...
  ✓ Updated with details
[215/368] Processing: Glenfiddich 12 Year Single Malt Scotch Whisky
  Fetching product details from https://whiskyandwhiskey.com/products/glenfiddich-12-year-old-single-malt-scotch-whisky...
  ✓ Updated with details
[216/368] Processing: Jack Daniel's Old No. 7 Tennessee Whiskey
  Fetching product details from https://whiskyandwhiskey.com/products/jack-daniels-old-no-7-tennessee-whiskey...
  ✓ Updated with details
[217/368] Processing: Jack Daniel's Old No. 7 Tennessee Whiskey
  Fetching product details from https://whiskyandwhiskey.com/products/jack-daniels-old-no-7-tennessee-whiskey...
  ✓ Updated with details
[218/368] Processing: Dewar's 12 Year Blended Scotch Whisky
  Fetching product details from https://whiskyandwhiskey.com/products/dewars-12-year-old-blended-scotch-whisky...
  ✓ Updated with details
[219/368] Processing: Dewar's 12 Year Blended Scotch Whisky
  Fetching product details from https://whiskyandwhiskey.com/products/dewars-12-year-old-blended-scotch-whisky...
  ✓ Updated with details
[220/368] Processing: Maker's Mark Handmade Kentucky Straight Bourbon Whiskey
  Fetching product details from https://whiskyandwhiskey.com/products/makers-mark-handmade-kentucky-straight-bourbon-whiskey...
  ✓ Updated with details
  Progress saved (220/368)
[221/368] Processing: Maker's Mark Handmade Kentucky Straight Bourbon Whiskey
  Fetching product details from https://whiskyandwhiskey.com/products/makers-mark-handmade-kentucky-straight-bourbon-whiskey...
  ✓ Updated with details
[222/368] Processing: Maker's Mark 46 French Oaked Bourbon Whiskey
  Fetching product details from https://whiskyandwhiskey.com/products/makers-mark-46-french-oaked-bourbon-whiskey...
  ✓ Updated with details
[223/368] Processing: Maker's Mark 46 French Oaked Bourbon Whiskey
  Fetching product details from https://whiskyandwhiskey.com/products/makers-mark-46-french-oaked-bourbon-whiskey...
  ✓ Updated with details
[224/368] Processing: Johnnie Walker Green Label 15 Year Blended Malt Scotch Whisky
  Fetching product details from https://whiskyandwhiskey.com/products/johnnie-walker-green-label-750ml...
  ✓ Updated with details
[225/368] Processing: Johnnie Walker Green Label 15 Year Blended Malt Scotch Whisky
  Fetching product details from https://whiskyandwhiskey.com/products/johnnie-walker-green-label-750ml...
  ✓ Updated with details
[226/368] Processing: Kentucky Owl Batch 10 Bourbon Whiskey
  Fetching product details from https://whiskyandwhiskey.com/products/kentucky-owl-straight-bourbon-whiskey-batch-no-9-750ml...
  ✓ Updated with details
[227/368] Processing: Kentucky Owl Batch 10 Bourbon Whiskey
  Fetching product details from https://whiskyandwhiskey.com/products/kentucky-owl-straight-bourbon-whiskey-batch-no-9-750ml...
  ✓ Updated with details
[228/368] Processing: Old Weller Antique 107 Wheated Bourbon
  Fetching product details from https://whiskyandwhiskey.com/products/old-weller-antique-107-wheated-bourbon-750ml...
  ✓ Updated with details
[229/368] Processing: Old Weller Antique 107 Wheated Bourbon
  Fetching product details from https://whiskyandwhiskey.com/products/old-weller-antique-107-wheated-bourbon-750ml...
  ✓ Updated with details
[230/368] Processing: Michter's US*1 Sour Mash Whiskey
  Fetching product details from https://whiskyandwhiskey.com/products/michters-us-1-sour-mash-750ml...
  ✓ Updated with details
  Progress saved (230/368)
[231/368] Processing: Michter's US*1 Sour Mash Whiskey
  Fetching product details from https://whiskyandwhiskey.com/products/michters-us-1-sour-mash-750ml...
  ✓ Updated with details
[232/368] Processing: Joseph Magnus Murray Hill Club Bourbon Whiskey
  Fetching product details from https://whiskyandwhiskey.com/products/joseph-magnus-murray-hill-club-bourbon-whiskey...
  ✓ Updated with details
[233/368] Processing: Joseph Magnus Murray Hill Club Bourbon Whiskey
  Fetching product details from https://whiskyandwhiskey.com/products/joseph-magnus-murray-hill-club-bourbon-whiskey...
  ✓ Updated with details
[234/368] Processing: Old Forester 1910 Old Fine Bourbon Whiskey
  Fetching product details from https://whiskyandwhiskey.com/products/old-forester-1910-old-fine-bourbon-whiskey...
  ✓ Updated with details
[235/368] Processing: Old Forester 1910 Old Fine Bourbon Whiskey
  Fetching product details from https://whiskyandwhiskey.com/products/old-forester-1910-old-fine-bourbon-whiskey...
  ✓ Updated with details
[236/368] Processing: Kentucky Owl 10 Year Rye Whiskey
  Fetching product details from https://whiskyandwhiskey.com/products/kentucky-owl-aged-10-years-straight-rye-whiskey-750ml-batch-3...
  ✓ Updated with details
[237/368] Processing: Kentucky Owl 10 Year Rye Whiskey
  Fetching product details from https://whiskyandwhiskey.com/products/kentucky-owl-aged-10-years-straight-rye-whiskey-750ml-batch-3...
  ✓ Updated with details
[238/368] Processing: Old Forester 1870 Original Batch Bourbon Whiskey
  Fetching product details from https://whiskyandwhiskey.com/products/old-forester-1870-original-batch-bourbon-whiskey...
  ✓ Updated with details
[239/368] Processing: Old Forester 1870 Original Batch Bourbon Whiskey
  Fetching product details from https://whiskyandwhiskey.com/products/old-forester-1870-original-batch-bourbon-whiskey...
  ✓ Updated with details
[240/368] Processing: Knob Creek 9 Year Single Barrel Reserve Bourbon
  Fetching product details from https://whiskyandwhiskey.com/products/knob-creek-9-year-old-single-barrel-reserve-bourbon...
  ✓ Updated with details
  Progress saved (240/368)
[241/368] Processing: Knob Creek 9 Year Single Barrel Reserve Bourbon
  Fetching product details from https://whiskyandwhiskey.com/products/knob-creek-9-year-old-single-barrel-reserve-bourbon...
  ✓ Updated with details
[242/368] Processing: Garrison Brothers Cowboy Bourbon Whiskey
  Fetching product details from https://whiskyandwhiskey.com/products/garrison-brothers-cowboy-bourbon-whiskey-2021-edition-750ml...
  ✓ Updated with details
[243/368] Processing: Garrison Brothers Cowboy Bourbon Whiskey
  Fetching product details from https://whiskyandwhiskey.com/products/garrison-brothers-cowboy-bourbon-whiskey-2021-edition-750ml...
  ✓ Updated with details
[244/368] Processing: The Old Forester Bourbon Whiskey Bundle
  Fetching product details from https://whiskyandwhiskey.com/products/the-old-forester-bourbon-whiskey-bundle...
  ✓ Updated with details
[245/368] Processing: The Old Forester Bourbon Whiskey Bundle
  Fetching product details from https://whiskyandwhiskey.com/products/the-old-forester-bourbon-whiskey-bundle...
  ✓ Updated with details
[246/368] Processing: W.L. Weller Special Reserve Wheated Bourbon 1L
  Fetching product details from https://whiskyandwhiskey.com/products/w-l-weller-special-reserve-wheated-bourbon-1l...
  ✓ Updated with details
[247/368] Processing: W.L. Weller Special Reserve Wheated Bourbon 1L
  Fetching product details from https://whiskyandwhiskey.com/products/w-l-weller-special-reserve-wheated-bourbon-1l...
  ✓ Updated with details
[248/368] Processing: Woodinville Straight Bourbon Whiskey
  Fetching product details from https://whiskyandwhiskey.com/products/woodinville-straight-bourbon-whiskey-750ml...
  ✓ Updated with details
[249/368] Processing: Woodinville Straight Bourbon Whiskey
  Fetching product details from https://whiskyandwhiskey.com/products/woodinville-straight-bourbon-whiskey-750ml...
  ✓ Updated with details
[250/368] Processing: George Dickel 13 Year Bottled In Bond Whiskey
  Fetching product details from https://whiskyandwhiskey.com/products/george-dickel-13-year-old-bottled-in-bond-whiskey...
  ✓ Updated with details
  Progress saved (250/368)
[251/368] Processing: George Dickel 13 Year Bottled In Bond Whiskey
  Fetching product details from https://whiskyandwhiskey.com/products/george-dickel-13-year-old-bottled-in-bond-whiskey...
  ✓ Updated with details
[252/368] Processing: Teeling Blackpitts Peated Single Malt Irish Whiskey
  Fetching product details from https://whiskyandwhiskey.com/products/teeling-blackpitts-irish-whiskey-750ml...
  ✓ Updated with details
[253/368] Processing: Teeling Blackpitts Peated Single Malt Irish Whiskey
  Fetching product details from https://whiskyandwhiskey.com/products/teeling-blackpitts-irish-whiskey-750ml...
  ✓ Updated with details
[254/368] Processing: Hillrock Single Malt Whiskey
  Fetching product details from https://whiskyandwhiskey.com/products/hillrock-single-malt-whiskey-750ml...
  ✓ Updated with details
[255/368] Processing: Hillrock Single Malt Whiskey
  Fetching product details from https://whiskyandwhiskey.com/products/hillrock-single-malt-whiskey-750ml...
  ✓ Updated with details
[256/368] Processing: The Clover Single Barrel Straight Rye Whiskey
  Fetching product details from https://whiskyandwhiskey.com/products/the-clover-single-barrel-rye-whiskey-750ml...
  ✓ Updated with details
[257/368] Processing: The Clover Single Barrel Straight Rye Whiskey
  Fetching product details from https://whiskyandwhiskey.com/products/the-clover-single-barrel-rye-whiskey-750ml...
  ✓ Updated with details
[258/368] Processing: Bushmills 10 Year Single Malt Irish Whiskey
  Fetching product details from https://whiskyandwhiskey.com/products/bushmills-10-year-old-single-malt-irish-whiskey...
  ✓ Updated with details
[259/368] Processing: Bushmills 10 Year Single Malt Irish Whiskey
  Fetching product details from https://whiskyandwhiskey.com/products/bushmills-10-year-old-single-malt-irish-whiskey...
  ✓ Updated with details
[260/368] Processing: Teeling Small Batch Irish Whiskey
  Fetching product details from https://whiskyandwhiskey.com/products/teeling-small-batch-irish-whiskey-750ml...
  ✓ Updated with details
  Progress saved (260/368)
[261/368] Processing: Teeling Small Batch Irish Whiskey
  Fetching product details from https://whiskyandwhiskey.com/products/teeling-small-batch-irish-whiskey-750ml...
  ✓ Updated with details
[262/368] Processing: Nikka Coffey Malt Whisky
  Fetching product details from https://whiskyandwhiskey.com/products/nikka-coffey-malt-japanese-whisky-750ml...
  ✓ Updated with details
[263/368] Processing: Nikka Coffey Malt Whisky
  Fetching product details from https://whiskyandwhiskey.com/products/nikka-coffey-malt-japanese-whisky-750ml...
  ✓ Updated with details
[264/368] Processing: Wild Turkey Rare Breed Barrel Proof Bourbon
  Fetching product details from https://whiskyandwhiskey.com/products/wild-turkey-rare-breed-barrel-proof-bourbon...
  ✓ Updated with details
[265/368] Processing: Wild Turkey Rare Breed Barrel Proof Bourbon
  Fetching product details from https://whiskyandwhiskey.com/products/wild-turkey-rare-breed-barrel-proof-bourbon...
  ✓ Updated with details
[266/368] Processing: The Glenlivet 18 Year Single Malt Scotch Whisky
  Fetching product details from https://whiskyandwhiskey.com/products/the-glenlivet-18-year-old-single-malt-scotch-whisky...
  ✓ Updated with details
[267/368] Processing: The Glenlivet 18 Year Single Malt Scotch Whisky
  Fetching product details from https://whiskyandwhiskey.com/products/the-glenlivet-18-year-old-single-malt-scotch-whisky...
  ✓ Updated with details
[268/368] Processing: The Glenlivet 15 Year Single Malt Scotch Whisky
  Fetching product details from https://whiskyandwhiskey.com/products/the-glenlivet-15-year-old-single-malt-scotch-whisky...
  ✓ Updated with details
[269/368] Processing: The Glenlivet 15 Year Single Malt Scotch Whisky
  Fetching product details from https://whiskyandwhiskey.com/products/the-glenlivet-15-year-old-single-malt-scotch-whisky...
  ✓ Updated with details
[270/368] Processing: Jameson Original Irish Whiskey
  Fetching product details from https://whiskyandwhiskey.com/products/jameson-original-irish-whiskey...
  ✓ Updated with details
  Progress saved (270/368)
[271/368] Processing: Jameson Original Irish Whiskey
  Fetching product details from https://whiskyandwhiskey.com/products/jameson-original-irish-whiskey...
  ✓ Updated with details
[272/368] Processing: Bushmills Black Bush Irish Whiskey
  Fetching product details from https://whiskyandwhiskey.com/products/bushmills-black-bush-irish-whiskey...
  ✓ Updated with details
[273/368] Processing: Bushmills Black Bush Irish Whiskey
  Fetching product details from https://whiskyandwhiskey.com/products/bushmills-black-bush-irish-whiskey...
  ✓ Updated with details
[274/368] Processing: Bushmills Black Bush Irish Whiskey
  Fetching product details from https://whiskyandwhiskey.com/products/bushmills-black-bush-irish-whiskey...
  ✓ Updated with details
[275/368] Processing: Proper Twelve Irish Whiskey
  Fetching product details from https://whiskyandwhiskey.com/products/proper-twelve-whiskey-750ml...
  ✓ Updated with details
[276/368] Processing: Proper Twelve Irish Whiskey
  Fetching product details from https://whiskyandwhiskey.com/products/proper-twelve-whiskey-750ml...
  ✓ Updated with details
[277/368] Processing: Jack Daniel's Tennessee Apple
  Fetching product details from https://whiskyandwhiskey.com/products/jack-daniels-apple-750ml...
  ✓ Updated with details
[278/368] Processing: Jack Daniel's Tennessee Apple
  Fetching product details from https://whiskyandwhiskey.com/products/jack-daniels-apple-750ml...
  ✓ Updated with details
[279/368] Processing: Suntory Toki Japanese Whisky
  Fetching product details from https://whiskyandwhiskey.com/products/suntory-toki-japanese-whisky...
  ✓ Updated with details
[280/368] Processing: Suntory Toki Japanese Whisky
  Fetching product details from https://whiskyandwhiskey.com/products/suntory-toki-japanese-whisky...
  ✓ Updated with details
  Progress saved (280/368)
[281/368] Processing: Four Roses Bourbon Whiskey
  Fetching product details from https://whiskyandwhiskey.com/products/four-roses-bourbon-whiskey...
  ✓ Updated with details
[282/368] Processing: Four Roses Bourbon Whiskey
  Fetching product details from https://whiskyandwhiskey.com/products/four-roses-bourbon-whiskey...
  ✓ Updated with details
[283/368] Processing: Balcones Texas Pot Still Bourbon Whiskey
  Fetching product details from https://whiskyandwhiskey.com/products/balcones-texas-pot-still-bourbon-92-proof-750ml...
  ✓ Updated with details
[284/368] Processing: Balcones Texas Pot Still Bourbon Whiskey
  Fetching product details from https://whiskyandwhiskey.com/products/balcones-texas-pot-still-bourbon-92-proof-750ml...
  ✓ Updated with details
[285/368] Processing: Uncle Nearest 1884 Small Batch Whiskey
  Fetching product details from https://whiskyandwhiskey.com/products/uncle-nearest-1884-small-batch-whiskey-750ml...
  ✓ Updated with details
[286/368] Processing: Uncle Nearest 1884 Small Batch Whiskey
  Fetching product details from https://whiskyandwhiskey.com/products/uncle-nearest-1884-small-batch-whiskey-750ml...
  ✓ Updated with details
[287/368] Processing: Pendleton Midnight Canadian Whisky
  Fetching product details from https://whiskyandwhiskey.com/products/pendleton-midnight-canadian-whisky-750ml...
  ✓ Updated with details
[288/368] Processing: Pendleton Midnight Canadian Whisky
  Fetching product details from https://whiskyandwhiskey.com/products/pendleton-midnight-canadian-whisky-750ml...
  ✓ Updated with details
[289/368] Processing: Garrison Brothers Small Batch Texas Straight Bourbon Whiskey
  Fetching product details from https://whiskyandwhiskey.com/products/garrison-brothers-small-batch-bourbon-750ml...
  ✓ Updated with details
[290/368] Processing: Garrison Brothers Small Batch Texas Straight Bourbon Whiskey
  Fetching product details from https://whiskyandwhiskey.com/products/garrison-brothers-small-batch-bourbon-750ml...
  ✓ Updated with details
  Progress saved (290/368)
[291/368] Processing: Hancock's President's Reserve Single Barrel Bourbon
  Fetching product details from https://whiskyandwhiskey.com/products/hancocks-presidents-reserve-single-barrel-bourbon-750ml...
  ✓ Updated with details
[292/368] Processing: Hancock's President's Reserve Single Barrel Bourbon
  Fetching product details from https://whiskyandwhiskey.com/products/hancocks-presidents-reserve-single-barrel-bourbon-750ml...
  ✓ Updated with details
[293/368] Processing: Jameson Orange Irish Whiskey
  Fetching product details from https://whiskyandwhiskey.com/products/jameson-orange-irish-whiskey-750ml...
  ✓ Updated with details
[294/368] Processing: Jameson Orange Irish Whiskey
  Fetching product details from https://whiskyandwhiskey.com/products/jameson-orange-irish-whiskey-750ml...
  ✓ Updated with details
[295/368] Processing: FEW Single Barrel 'Whiskey Revolution' Barrel Pick Straight Bourbon Whiskey
  Fetching product details from https://whiskyandwhiskey.com/products/few-single-barrel-whiskey-revolution-barrel-pick-straight-bourbon-whiskey-750ml...
  ✓ Updated with details
[296/368] Processing: FEW Single Barrel 'Whiskey Revolution' Barrel Pick Straight Bourbon Whiskey
  Fetching product details from https://whiskyandwhiskey.com/products/few-single-barrel-whiskey-revolution-barrel-pick-straight-bourbon-whiskey-750ml...
  ✓ Updated with details
[297/368] Processing: Glenfiddich 26 Year Grande Couronne Single Malt Scotch Whisky
  Fetching product details from https://whiskyandwhiskey.com/products/glenfiddich-26-year-old-grande-couronne-single-malt-scotch-whisky-750ml...
  ✓ Updated with details
[298/368] Processing: Glenfiddich 26 Year Grande Couronne Single Malt Scotch Whisky
  Fetching product details from https://whiskyandwhiskey.com/products/glenfiddich-26-year-old-grande-couronne-single-malt-scotch-whisky-750ml...
  ✓ Updated with details
[299/368] Processing: Old Forester Birthday Bourbon - 2022 Release
  Fetching product details from https://whiskyandwhiskey.com/products/old-forester-birthday-bourbon-2021-release-750ml...
  ✓ Updated with details
[300/368] Processing: Old Forester Birthday Bourbon - 2022 Release
  Fetching product details from https://whiskyandwhiskey.com/products/old-forester-birthday-bourbon-2021-release-750ml...
  ✓ Updated with details
  Progress saved (300/368)
[301/368] Processing: Redwood Empire Emerald Giant Rye Whiskey
  Fetching product details from https://whiskyandwhiskey.com/products/redwood-empire-emerald-giant-rye-whiskey-750ml...
  ✓ Updated with details
[302/368] Processing: Redwood Empire Emerald Giant Rye Whiskey
  Fetching product details from https://whiskyandwhiskey.com/products/redwood-empire-emerald-giant-rye-whiskey-750ml...
  ✓ Updated with details
[303/368] Processing: Benriach The Original Ten 10 Year Single Malt Scotch Whisky
  Fetching product details from https://whiskyandwhiskey.com/products/benriach-10-year-old-single-malt-scotch-whisky-750ml...
  ✓ Updated with details
[304/368] Processing: Benriach The Original Ten 10 Year Single Malt Scotch Whisky
  Fetching product details from https://whiskyandwhiskey.com/products/benriach-10-year-old-single-malt-scotch-whisky-750ml...
  ✓ Updated with details
[305/368] Processing: The Jack Daniel's Single Barrel Bundle
  Fetching product details from https://whiskyandwhiskey.com/products/the-jack-daniels-single-barrel-bundle...
  ✓ Updated with details
[306/368] Processing: The Jack Daniel's Single Barrel Bundle
  Fetching product details from https://whiskyandwhiskey.com/products/the-jack-daniels-single-barrel-bundle...
  ✓ Updated with details
[307/368] Processing: The Michter's US-1 Whiskey Bundle
  Fetching product details from https://whiskyandwhiskey.com/products/the-michters-us-1-whiskey-bundle...
  ✓ Updated with details
[308/368] Processing: The Michter's US-1 Whiskey Bundle
  Fetching product details from https://whiskyandwhiskey.com/products/the-michters-us-1-whiskey-bundle...
  ✓ Updated with details
[309/368] Processing: Teitessa 30 Year Single Grain Japanese Whisky
  Fetching product details from https://whiskyandwhiskey.com/products/teitessa-30-year-old-single-grain-japanese-whisky-750ml...
  ✓ Updated with details
[310/368] Processing: Teitessa 30 Year Single Grain Japanese Whisky
  Fetching product details from https://whiskyandwhiskey.com/products/teitessa-30-year-old-single-grain-japanese-whisky-750ml...
  ✓ Updated with details
  Progress saved (310/368)
[311/368] Processing: Teitessa 15 Year Single Grain Japanese Whisky
  Fetching product details from https://whiskyandwhiskey.com/products/teitessa-15-year-old-single-grain-japanese-whisky-750ml...
  ✓ Updated with details
[312/368] Processing: Teitessa 15 Year Single Grain Japanese Whisky
  Fetching product details from https://whiskyandwhiskey.com/products/teitessa-15-year-old-single-grain-japanese-whisky-750ml...
  ✓ Updated with details
[313/368] Processing: Russell's Reserve Single Barrel Bourbon Whiskey
  Fetching product details from https://whiskyandwhiskey.com/products/russells-reserve-single-barrel-bourbon-whiskey...
  ✓ Updated with details
[314/368] Processing: Russell's Reserve Single Barrel Bourbon Whiskey
  Fetching product details from https://whiskyandwhiskey.com/products/russells-reserve-single-barrel-bourbon-whiskey...
  ✓ Updated with details
[315/368] Processing: Dewar's 8 Year Portuguese Smooth Blended Scotch Whisky
  Fetching product details from https://whiskyandwhiskey.com/products/dewars-8-year-old-portuguese-smooth-blended-scotch-whisky...
  ✓ Updated with details
[316/368] Processing: Dewar's 8 Year Portuguese Smooth Blended Scotch Whisky
  Fetching product details from https://whiskyandwhiskey.com/products/dewars-8-year-old-portuguese-smooth-blended-scotch-whisky...
  ✓ Updated with details
[317/368] Processing: Michter's US*1 Toasted Barrel Finish 2021 Bourbon Whiskey
  Fetching product details from https://whiskyandwhiskey.com/products/michters-us-1-toasted-barrel-finish-2021-bourbon-whiskey-750ml...
  ✓ Updated with details
[318/368] Processing: Michter's US*1 Toasted Barrel Finish 2021 Bourbon Whiskey
  Fetching product details from https://whiskyandwhiskey.com/products/michters-us-1-toasted-barrel-finish-2021-bourbon-whiskey-750ml...
  ✓ Updated with details
[319/368] Processing: The Dalmore King Alexander III Single Malt Scotch Whisky
  Fetching product details from https://whiskyandwhiskey.com/products/the-dalmore-king-alexander-iii-single-malt-scotch-whisky...
  ✓ Updated with details
[320/368] Processing: The Dalmore King Alexander III Single Malt Scotch Whisky
  Fetching product details from https://whiskyandwhiskey.com/products/the-dalmore-king-alexander-iii-single-malt-scotch-whisky...
  ✓ Updated with details
  Progress saved (320/368)
[321/368] Processing: Kamiki Maltage Sakura Wood Japanese Whisky
  Fetching product details from https://whiskyandwhiskey.com/products/kamiki-maltage-japanese-whiskey-finished-in-cedar-sakura-casks-750ml...
  ✓ Updated with details
[322/368] Processing: Kamiki Maltage Sakura Wood Japanese Whisky
  Fetching product details from https://whiskyandwhiskey.com/products/kamiki-maltage-japanese-whiskey-finished-in-cedar-sakura-casks-750ml...
  ✓ Updated with details
[323/368] Processing: The Macallan Double Cask Gold Single Malt Scotch Whisky
  Fetching product details from https://whiskyandwhiskey.com/products/macallan-double-cask-gold-scotch-single-malt-whiskey-750ml...
  ✓ Updated with details
[324/368] Processing: The Macallan Double Cask Gold Single Malt Scotch Whisky
  Fetching product details from https://whiskyandwhiskey.com/products/macallan-double-cask-gold-scotch-single-malt-whiskey-750ml...
  ✓ Updated with details
[325/368] Processing: Oban Little Bay Single Malt Scotch Whisky
  Fetching product details from https://whiskyandwhiskey.com/products/oban-little-bay-single-malt-scotch-whisky-750ml...
  ✓ Updated with details
[326/368] Processing: Oban Little Bay Single Malt Scotch Whisky
  Fetching product details from https://whiskyandwhiskey.com/products/oban-little-bay-single-malt-scotch-whisky-750ml...
  ✓ Updated with details
[327/368] Processing: Nikka Days Blended Whisky
  Fetching product details from https://whiskyandwhiskey.com/products/nikka-days-smooth-delicate-blended-whisky-750ml...
  ✓ Updated with details
[328/368] Processing: Nikka Days Blended Whisky
  Fetching product details from https://whiskyandwhiskey.com/products/nikka-days-smooth-delicate-blended-whisky-750ml...
  ✓ Updated with details
[329/368] Processing: Old Forester Statesmen Kentucky Straight Bourbon
  Fetching product details from https://whiskyandwhiskey.com/products/old-forester-statesmen-kentucky-straight-bourbon-whiskey-750ml...
  ✓ Updated with details
[330/368] Processing: Old Forester Statesmen Kentucky Straight Bourbon
  Fetching product details from https://whiskyandwhiskey.com/products/old-forester-statesmen-kentucky-straight-bourbon-whiskey-750ml...
  ✓ Updated with details
  Progress saved (330/368)
[331/368] Processing: Jim Beam Single Barrel Straight Bourbon Whiskey
  Fetching product details from https://whiskyandwhiskey.com/products/jim-beam-single-barrel-selected-batch-108-proof-750ml...
  ✓ Updated with details
[332/368] Processing: Jim Beam Single Barrel Straight Bourbon Whiskey
  Fetching product details from https://whiskyandwhiskey.com/products/jim-beam-single-barrel-selected-batch-108-proof-750ml...
  ✓ Updated with details
[333/368] Processing: Amador Double Barrel Bourbon Finished Chardonnay Barrels
  Fetching product details from https://whiskyandwhiskey.com/products/amador-double-barrel-bourbon-whiskey-750ml...
  ✓ Updated with details
[334/368] Processing: Amador Double Barrel Bourbon Finished Chardonnay Barrels
  Fetching product details from https://whiskyandwhiskey.com/products/amador-double-barrel-bourbon-whiskey-750ml...
  ✓ Updated with details
[335/368] Processing: Dalwhinnie 15 Year Single Malt Scotch Whisky
  Fetching product details from https://whiskyandwhiskey.com/products/dalwhinnie-15-year-old-single-malt-scotch-whisky...
  ✓ Updated with details
[336/368] Processing: Dalwhinnie 15 Year Single Malt Scotch Whisky
  Fetching product details from https://whiskyandwhiskey.com/products/dalwhinnie-15-year-old-single-malt-scotch-whisky...
  ✓ Updated with details
[337/368] Processing: Balblair 12 Year Single Malt Scotch Whisky
  Fetching product details from https://whiskyandwhiskey.com/products/balblair-12-year-old-highland-single-malt-scotch-whisky-750ml...
  ✓ Updated with details
[338/368] Processing: Balblair 12 Year Single Malt Scotch Whisky
  Fetching product details from https://whiskyandwhiskey.com/products/balblair-12-year-old-highland-single-malt-scotch-whisky-750ml...
  ✓ Updated with details
[339/368] Processing: Elijah Craig Barrel Proof Bourbon Whiskey
  Fetching product details from https://whiskyandwhiskey.com/products/elijah-craig-barrel-proof-batch-b520-bourbon-whiskey-750ml...
  ✓ Updated with details
[340/368] Processing: Elijah Craig Barrel Proof Bourbon Whiskey
  Fetching product details from https://whiskyandwhiskey.com/products/elijah-craig-barrel-proof-batch-b520-bourbon-whiskey-750ml...
  ✓ Updated with details
  Progress saved (340/368)
[341/368] Processing: Glenfiddich 21 Year Gran Reserva Single Malt Scotch Whisky
  Fetching product details from https://whiskyandwhiskey.com/products/glenfiddich-21-year-old-gran-reserva-single-malt-scotch-whisky...
  ✓ Updated with details
[342/368] Processing: Glenfiddich 21 Year Gran Reserva Single Malt Scotch Whisky
  Fetching product details from https://whiskyandwhiskey.com/products/glenfiddich-21-year-old-gran-reserva-single-malt-scotch-whisky...
  ✓ Updated with details
[343/368] Processing: Nikka Taketsuru Pure Malt Whisky
  Fetching product details from https://whiskyandwhiskey.com/products/nikka-taketsuru-pure-malt-japanese-whisky-750ml...
  ✓ Updated with details
[344/368] Processing: Nikka Taketsuru Pure Malt Whisky
  Fetching product details from https://whiskyandwhiskey.com/products/nikka-taketsuru-pure-malt-japanese-whisky-750ml...
  ✓ Updated with details
[345/368] Processing: Cutwater Devil's Share 4 Year Bourbon Whiskey
  Fetching product details from https://whiskyandwhiskey.com/products/cutwater-devils-share-4-year-old-bourbon-whiskey...
  ✓ Updated with details
[346/368] Processing: Cutwater Devil's Share 4 Year Bourbon Whiskey
  Fetching product details from https://whiskyandwhiskey.com/products/cutwater-devils-share-4-year-old-bourbon-whiskey...
  ✓ Updated with details
[347/368] Processing: Eight Ball Chocolate Flavored Whiskey
  Fetching product details from https://whiskyandwhiskey.com/products/8-ball-chocolate-whiskey-750ml...
  ✓ Updated with details
[348/368] Processing: Eight Ball Chocolate Flavored Whiskey
  Fetching product details from https://whiskyandwhiskey.com/products/8-ball-chocolate-whiskey-750ml...
  ✓ Updated with details
[349/368] Processing: Chivas Regal 12 Year Blended Scotch Whisky
  Fetching product details from https://whiskyandwhiskey.com/products/chivas-regal-12-year-old-blended-scotch-whisky...
  ✓ Updated with details
[350/368] Processing: Chivas Regal 12 Year Blended Scotch Whisky
  Fetching product details from https://whiskyandwhiskey.com/products/chivas-regal-12-year-old-blended-scotch-whisky...
  ✓ Updated with details
  Progress saved (350/368)
[351/368] Processing: Crown Royal Vanilla Whisky
  Fetching product details from https://whiskyandwhiskey.com/products/crown-royal-vanilla-whisky...
  ✓ Updated with details
[352/368] Processing: Crown Royal Vanilla Whisky
  Fetching product details from https://whiskyandwhiskey.com/products/crown-royal-vanilla-whisky...
  ✓ Updated with details
[353/368] Processing: Jack Daniel's Sinatra Select Tennessee Whiskey 1L
  Fetching product details from https://whiskyandwhiskey.com/products/jack-daniels-sinatra-select-1ltr...
  ✓ Updated with details
[354/368] Processing: Jack Daniel's Sinatra Select Tennessee Whiskey 1L
  Fetching product details from https://whiskyandwhiskey.com/products/jack-daniels-sinatra-select-1ltr...
  ✓ Updated with details
[355/368] Processing: The Balvenie 12 Year DoubleWood Single Malt Scotch Whisky
  Fetching product details from https://whiskyandwhiskey.com/products/balvenie-scotch-12yr-750ml...
  ✓ Updated with details
[356/368] Processing: The Balvenie 12 Year DoubleWood Single Malt Scotch Whisky
  Fetching product details from https://whiskyandwhiskey.com/products/balvenie-scotch-12yr-750ml...
  ✓ Updated with details
[357/368] Processing: Breckenridge PX Cask Finish Bourbon Whiskey
  Fetching product details from https://whiskyandwhiskey.com/products/breckenridge-px-cask-bourbon-750ml...
  ✓ Updated with details
[358/368] Processing: Breckenridge PX Cask Finish Bourbon Whiskey
  Fetching product details from https://whiskyandwhiskey.com/products/breckenridge-px-cask-bourbon-750ml...
  ✓ Updated with details
[359/368] Processing: Breckenridge High Proof Blend Bourbon Whiskey
  Fetching product details from https://whiskyandwhiskey.com/products/breckenridge-high-proof-blend-bourbon-750ml...
  ✓ Updated with details
[360/368] Processing: Breckenridge High Proof Blend Bourbon Whiskey
  Fetching product details from https://whiskyandwhiskey.com/products/breckenridge-high-proof-blend-bourbon-750ml...
  ✓ Updated with details
  Progress saved (360/368)
[361/368] Processing: The Dalmore Cigar Malt Reserve Single Malt Scotch Whisky
  Fetching product details from https://whiskyandwhiskey.com/products/the-dalmore-cigar-malt-scotch-750ml...
  ✓ Updated with details
[362/368] Processing: The Dalmore Cigar Malt Reserve Single Malt Scotch Whisky
  Fetching product details from https://whiskyandwhiskey.com/products/the-dalmore-cigar-malt-scotch-750ml...
  ✓ Updated with details
[363/368] Processing: Devils River Rye Whiskey
  Fetching product details from https://whiskyandwhiskey.com/products/devils-river-rye-whiskey-750ml...
  ✓ Updated with details
[364/368] Processing: Devils River Rye Whiskey
  Fetching product details from https://whiskyandwhiskey.com/products/devils-river-rye-whiskey-750ml...
  ✓ Updated with details
[365/368] Processing: Dewar's White Label Blended Scotch Whisky
  Fetching product details from https://whiskyandwhiskey.com/products/dewars-white-label-blended-scotch-whisky...
  ✓ Updated with details
[366/368] Processing: Dewar's White Label Blended Scotch Whisky
  Fetching product details from https://whiskyandwhiskey.com/products/dewars-white-label-blended-scotch-whisky...
  ✓ Updated with details
[367/368] Processing: Pendleton Canadian Whisky
  Fetching product details from https://whiskyandwhiskey.com/products/pendleton-canadian-whiskey-750ml...
  ✓ Updated with details
[368/368] Processing: Pendleton Canadian Whisky
  Fetching product details from https://whiskyandwhiskey.com/products/pendleton-canadian-whiskey-750ml...
  ✓ Updated with details

=== Summary ===
Total products needing details: 368
Successfully updated: 368
Failed: 0
Updated data saved to: C:\Users\Tebi Njeik\Documents\New folder\whiskey-1\data\whiskey-products-enhanced.json
