Found 192 products needing images

Total products: 436

[1/192] Processing: Legent Bourbon Whiskey
  Fetching product page: https://whiskyandwhiskey.com/products/legent-bourbon-750ml
  Found image URL: http://whiskyandwhiskey.com/cdn/shop/files/legent-bourbon-750ml__001_3ee70614-e7...
  ✓ Image already exists: whiskey-legent-bourbon-whiskey-1765525986687-8-legent-bourbon-whiskey.jpg
[2/192] Processing: Widow Jane Lucky Thirteen 13 Year Bourbon Whiskey
  Fetching product page: https://whiskyandwhiskey.com/products/widow-jane-lucky-thirteen-13-year-old-bourbon-whiskey-750ml
  Found image URL: http://whiskyandwhiskey.com/cdn/shop/files/widow-jane-lucky-thirteen-13-year-old...
  ✓ Image already exists: whiskey-widow-jane-lucky-thirteen-13-year-bourbon-whiskey-1765525986688-16-widow-jane-lucky-thirteen-13-year-bourbon-whiskey.jpg
[3/192] Processing: Hillrock Solera Aged Bourbon Whiskey
  Fetching product page: https://whiskyandwhiskey.com/products/hillrock-solera-aged-bourbon-whiskey-750ml
  Found image URL: http://whiskyandwhiskey.com/cdn/shop/files/hillrock-solera-aged-bourbon-whiskey-...
  ✓ Image already exists: whiskey-hillrock-solera-aged-bourbon-whiskey-1765525986689-22-hillrock-solera-aged-bourbon-whiskey.jpg
[4/192] Processing: Jack Daniel's Single Barrel Select Bourbon
  Fetching product page: https://whiskyandwhiskey.com/products/jack-daniels-single-barrel-select-750ml
  Found image URL: http://whiskyandwhiskey.com/cdn/shop/files/jack-daniels-single-barrel-select-750...
  ✓ Image already exists: whiskey-jack-daniel-s-single-barrel-select-bourbon-1765525986690-30-jack-daniel-s-single-barrel-select-bourbon.jpg
[5/192] Processing: Knob Creek 12 Year Bourbon
  Fetching product page: https://whiskyandwhiskey.com/products/knob-creek-12-year-old-bourbon
  Found image URL: http://whiskyandwhiskey.com/cdn/shop/files/knob-creek-12-year-old-bourbon_v2_794...
  ✓ Image already exists: whiskey-knob-creek-12-year-bourbon-1765525986691-38-knob-creek-12-year-bourbon.jpg
[6/192] Processing: Templeton 6 Year Rye Whiskey
  Fetching product page: https://whiskyandwhiskey.com/products/templeton-aged-6-years-rye-whiskey-750ml
  Found image URL: http://whiskyandwhiskey.com/cdn/shop/files/templeton-aged-6-years-rye-whiskey-75...
  ✓ Image already exists: whiskey-templeton-6-year-rye-whiskey-1765525986692-46-templeton-6-year-rye-whiskey.jpg
[7/192] Processing: Knob Creek 9 Year Small Batch Bourbon
  Fetching product page: https://whiskyandwhiskey.com/products/knob-creek-9-year-old-small-batch-bourbon
  Found image URL: http://whiskyandwhiskey.com/cdn/shop/files/knob-creek-9-year-old-small-batch-bou...
  ✓ Image already exists: whiskey-knob-creek-9-year-small-batch-bourbon-1765525986693-54-knob-creek-9-year-small-batch-bourbon.jpg
[8/192] Processing: Breckenridge Bourbon Whiskey
  Fetching product page: https://whiskyandwhiskey.com/products/breckenridge-bourbon-750ml
  Found image URL: http://whiskyandwhiskey.com/cdn/shop/files/breckenridge-bourbon-750ml_5caf8085-3...
  ✓ Image already exists: whiskey-breckenridge-bourbon-whiskey-1765525986695-62-breckenridge-bourbon-whiskey.jpg
[9/192] Processing: Noah's Mill Small Batch Kentucky Bourbon Whiskey
  Fetching product page: https://whiskyandwhiskey.com/products/willett-noahs-mill-bourbon-whiskey-750ml
  Found image URL: http://whiskyandwhiskey.com/cdn/shop/files/willett-noahs-mill-bourbon-whiskey-75...
  ✓ Image already exists: whiskey-noah-s-mill-small-batch-kentucky-bourbon-whiskey-1765525986696-70-noah-s-mill-small-batch-kentucky-bourbon-whiskey.jpg
[10/192] Processing: Crown Royal Reserve Whisky
  Fetching product page: https://whiskyandwhiskey.com/products/crown-royal-reserve-whisky
  Found image URL: http://whiskyandwhiskey.com/cdn/shop/files/crown-royal-reserve-whisky_v2_4685fdb...
  ✓ Image already exists: whiskey-crown-royal-reserve-whisky-1765525986697-76-crown-royal-reserve-whisky.jpg
[11/192] Processing: Laphroaig 10 Year Single Malt Scotch Whisky
  Fetching product page: https://whiskyandwhiskey.com/products/laphroaig-10-year-old-single-malt-scotch-whisky
  Found image URL: http://whiskyandwhiskey.com/cdn/shop/files/laphroaig-10-year-old-single-malt-sco...
  ✓ Image already exists: whiskey-laphroaig-10-year-single-malt-scotch-whisky-1765525986698-84-laphroaig-10-year-single-malt-scotch-whisky.jpg
[12/192] Processing: The Glenlivet 12 Year Single Malt Scotch Whisky
  Fetching product page: https://whiskyandwhiskey.com/products/the-glenlivet-12-year-old-single-malt-scotch-whisky
  Found image URL: http://whiskyandwhiskey.com/cdn/shop/files/the-glenlivet-12-year-old-single-malt...
  ✓ Image already exists: whiskey-the-glenlivet-12-year-single-malt-scotch-whisky-1765525986699-92-the-glenlivet-12-year-single-malt-scotch-whisky.jpg
[13/192] Processing: Maker's Mark 46 Cask Strength Bourbon Whiskey
  Fetching product page: https://whiskyandwhiskey.com/products/makers-mark-46-cask-strength-bourbon-whiskey
  Found image URL: http://whiskyandwhiskey.com/cdn/shop/files/makers-mark-46-cask-strength-bourbon-...
  ✓ Image already exists: whiskey-maker-s-mark-46-cask-strength-bourbon-whiskey-1765525986700-100-maker-s-mark-46-cask-strength-bourbon-whiskey.jpg
[14/192] Processing: Blanton's Gold Edition Bourbon Whiskey
  Fetching product page: https://whiskyandwhiskey.com/products/blantons-gold-edition-bourbon-whiskey-750ml
  Found image URL: http://whiskyandwhiskey.com/cdn/shop/files/blantons-gold-edition-bourbon-whiskey...
  ✓ Image already exists: whiskey-blanton-s-gold-edition-bourbon-whiskey-1765525986701-108-blanton-s-gold-edition-bourbon-whiskey.jpg
[15/192] Processing: Maker's Mark 101 Proof Bourbon Whiskey
  Fetching product page: https://whiskyandwhiskey.com/products/makers-mark-101-proof-bourbon-whiskey
  Found image URL: http://whiskyandwhiskey.com/cdn/shop/files/makers-mark-101-proof-bourbon-whiskey...
  ✓ Image already exists: whiskey-maker-s-mark-101-proof-bourbon-whiskey-1765525986702-116-maker-s-mark-101-proof-bourbon-whiskey.jpg
[16/192] Processing: The Macallan 15 Year Double Cask Single Malt Scotch Whisky
  Fetching product page: https://whiskyandwhiskey.com/products/the-macallan-15-year-old-double-cask-single-malt-scotch-whisky
  Found image URL: http://whiskyandwhiskey.com/cdn/shop/files/the-macallan-15-year-old-double-cask-...
  ✓ Image already exists: whiskey-the-macallan-15-year-double-cask-single-malt-scotch-whisky-1765525986703-122-the-macallan-15-year-double-cask-single-malt-scotch-whisky.jpg
[17/192] Processing: Angel's Envy Rye Whiskey Finished in Caribbean Rum Casks
  Fetching product page: https://whiskyandwhiskey.com/products/angels-envy-rye-whiskey-finished-in-caribbean-rum-casks-750ml
  Found image URL: http://whiskyandwhiskey.com/cdn/shop/files/angels-envy-rye-whiskey-finished-in-c...
  ✓ Image already exists: whiskey-angel-s-envy-rye-whiskey-finished-in-caribbean-rum-casks-1765525986704-130-angel-s-envy-rye-whiskey-finished-in-caribbean-rum-casks.jpg
[18/192] Processing: Basil Hayden Toast Bourbon Whiskey
  Fetching product page: https://whiskyandwhiskey.com/products/basil-hayden-toast-bourbon-whiskey
  Found image URL: http://whiskyandwhiskey.com/cdn/shop/files/basil-hayden-toast-bourbon-whiskey__0...
  ✓ Image already exists: whiskey-basil-hayden-toast-bourbon-whiskey-1765525986705-138-basil-hayden-toast-bourbon-whiskey.jpg
[19/192] Processing: The Crown Royal Bundle
  Fetching product page: https://whiskyandwhiskey.com/products/the-crown-royal-bundle
  Found image URL: http://whiskyandwhiskey.com/cdn/shop/files/the-crown-royal-bundle_v2_4c953a27-32...
  ✓ Image already exists: whiskey-the-crown-royal-bundle-1765525986706-146-the-crown-royal-bundle.jpg
[20/192] Processing: Colonel E.H. Taylor, Jr. Small Batch Bourbon Whiskey
  Fetching product page: https://whiskyandwhiskey.com/products/colonel-e-h-taylor-jr-small-batch-bourbon-whiskey
  Found image URL: http://whiskyandwhiskey.com/cdn/shop/files/colonel-e-h-taylor-jr-small-batch-bou...
  ✓ Image already exists: whiskey-colonel-e-h-taylor-jr-small-batch-bourbon-whiskey-1765525986707-154-colonel-e-h-taylor-jr-small-batch-bourbon-whiskey.jpg
[21/192] Processing: The Glenlivet Caribbean Reserve Single Malt Scotch Whisky
  Fetching product page: https://whiskyandwhiskey.com/products/the-glenlivet-caribbean-reserve-single-malt-scotch-whisky
  Found image URL: http://whiskyandwhiskey.com/cdn/shop/files/the-glenlivet-caribbean-reserve-singl...
  Downloading to whiskey-the-glenlivet-caribbean-reserve-single-malt-scotch-whisky-1765525986708-162-the-glenlivet-caribbean-reserve-single-malt-scotch-whisky.jpg...
  ✓ Successfully downloaded
[22/192] Processing: Crown Royal Whisky
  Fetching product page: https://whiskyandwhiskey.com/products/crown-royal-whisky
  Found image URL: http://whiskyandwhiskey.com/cdn/shop/files/crown-royal-whisky_v2_bcc8d32e-82ed-4...
  Downloading to whiskey-crown-royal-whisky-1765525986709-170-crown-royal-whisky.jpg...
  ✓ Successfully downloaded
[23/192] Processing: Jameson Black Barrel Irish Whiskey
  Fetching product page: https://whiskyandwhiskey.com/products/jameson-black-barrel-irish-whiskey
  Found image URL: http://whiskyandwhiskey.com/cdn/shop/files/jameson-black-barrel-irish-whiskey__0...
  Downloading to whiskey-jameson-black-barrel-irish-whiskey-1765525986711-178-jameson-black-barrel-irish-whiskey.jpg...
  ✓ Successfully downloaded
[24/192] Processing: The Clover 10 Year Single Barrel Tennessee Straight Bourbon Whiskey
  Fetching product page: https://whiskyandwhiskey.com/products/the-clover-10-year-old-single-barrel-tennessee-straight-bourbon-whiskey
  Found image URL: http://whiskyandwhiskey.com/cdn/shop/files/the-clover-10-year-old-single-barrel-...
  Downloading to whiskey-the-clover-10-year-single-barrel-tennessee-straight-bourbon-whiskey-1765525986712-184-the-clover-10-year-single-barrel-tennessee-straight-bourbon-whiskey.jpg...
  ✓ Successfully downloaded
[25/192] Processing: Jefferson’s Reserve Very Old Bourbon
  Fetching product page: https://whiskyandwhiskey.com/products/jefferson-s-reserve-very-old-bourbon
  Found image URL: http://whiskyandwhiskey.com/cdn/shop/files/jefferson-s-reserve-very-old-bourbon_...
  Downloading to whiskey-jefferson-s-reserve-very-old-bourbon-1765525986714-192-jefferson-s-reserve-very-old-bourbon.jpg...
  ✓ Successfully downloaded
[26/192] Processing: The Macallan 12 Year Triple Cask Single Malt Scotch Whisky
  Fetching product page: https://whiskyandwhiskey.com/products/the-macallan-12-years-old-triple-cask-scotch-whisky-750ml
  Found image URL: http://whiskyandwhiskey.com/cdn/shop/files/the-macallan-12-years-old-triple-cask...
  Downloading to whiskey-the-macallan-12-year-triple-cask-single-malt-scotch-whisky-1765525986716-198-the-macallan-12-year-triple-cask-single-malt-scotch-whisky.jpg...
  ✓ Successfully downloaded
[27/192] Processing: Buchanan's Special Reserve 18 Year Blended Scotch Whisky
  Fetching product page: https://whiskyandwhiskey.com/products/buchanan-18yr-special-reserve-750ml
  Found image URL: http://whiskyandwhiskey.com/cdn/shop/files/buchanan-18yr-special-reserve-750ml__...
  Downloading to whiskey-buchanan-s-special-reserve-18-year-blended-scotch-whisky-1765525986719-206-buchanan-s-special-reserve-18-year-blended-scotch-whisky.jpg...
  ✓ Successfully downloaded
[28/192] Processing: Elijah Craig Small Batch Bourbon Whiskey
  Fetching product page: https://whiskyandwhiskey.com/products/elijah-craig-small-batch-bourbon-whiskey
  Found image URL: http://whiskyandwhiskey.com/cdn/shop/files/elijah-craig-small-batch-bourbon-whis...
  Downloading to whiskey-elijah-craig-small-batch-bourbon-whiskey-1765525986720-214-elijah-craig-small-batch-bourbon-whiskey.jpg...
  ✓ Successfully downloaded
[29/192] Processing: Monkey Shoulder Batch 27 Blended Malt Scotch Whisky
  Fetching product page: https://whiskyandwhiskey.com/products/monkey-shoulder-batch-27-blended-malt-scotch-whisky
  Found image URL: http://whiskyandwhiskey.com/cdn/shop/files/monkey-shoulder-batch-27-blended-malt...
  Downloading to whiskey-monkey-shoulder-batch-27-blended-malt-scotch-whisky-1765525986722-222-monkey-shoulder-batch-27-blended-malt-scotch-whisky.jpg...
  ✓ Successfully downloaded
[30/192] Processing: 1792 Small Batch Bourbon Whiskey
  Fetching product page: https://whiskyandwhiskey.com/products/1792-small-batch-750ml
  Found image URL: http://whiskyandwhiskey.com/cdn/shop/files/1792-small-batch-750ml__001_22db1bb2-...
  Downloading to whiskey-1792-small-batch-bourbon-whiskey-1765525986723-230-1792-small-batch-bourbon-whiskey.jpg...
  ✓ Successfully downloaded
[31/192] Processing: The Macallan The Harmony Collection Rich Cacao
  Fetching product page: https://whiskyandwhiskey.com/products/the-macallan-the-harmony-collection-rich-cacao
  Found image URL: http://whiskyandwhiskey.com/cdn/shop/files/the-macallan-the-harmony-collection-r...
  Downloading to whiskey-the-macallan-the-harmony-collection-rich-cacao-1765525986724-238-the-macallan-the-harmony-collection-rich-cacao.jpg...
  ✓ Successfully downloaded
[32/192] Processing: Lagavulin 8 Year Single Malt Scotch Whisky
  Fetching product page: https://whiskyandwhiskey.com/products/lagavulin-8-year-old-single-malt-scotch-whisky
  Found image URL: http://whiskyandwhiskey.com/cdn/shop/products/image_61d2ee4e-3be0-4a05-9033-de14...
  Downloading to whiskey-lagavulin-8-year-single-malt-scotch-whisky-1765525986725-246-lagavulin-8-year-single-malt-scotch-whisky.jpg...
  ✓ Successfully downloaded
[33/192] Processing: Slow & Low Rock and Rye Straight Rye Whiskey
  Fetching product page: https://whiskyandwhiskey.com/products/slow-low-rock-and-rye-750ml
  Found image URL: http://whiskyandwhiskey.com/cdn/shop/files/slow-low-rock-and-rye-750ml__001_2f3c...
  Downloading to whiskey-slow-low-rock-and-rye-straight-rye-whiskey-1765525986726-254-slow-low-rock-and-rye-straight-rye-whiskey.jpg...
  ✓ Successfully downloaded
[34/192] Processing: Balcones Brimstone Texas Scrub Oak Smoked Whisky
  Fetching product page: https://whiskyandwhiskey.com/products/balcones-brimstone-texas-scrub-oak-smoked-whisky-750ml
  Found image URL: http://whiskyandwhiskey.com/cdn/shop/files/balcones-brimstone-texas-scrub-oak-sm...
  Downloading to whiskey-balcones-brimstone-texas-scrub-oak-smoked-whisky-1765525986728-262-balcones-brimstone-texas-scrub-oak-smoked-whisky.jpg...
  ✓ Successfully downloaded
[35/192] Processing: Crown Royal Black Whisky
  Fetching product page: https://whiskyandwhiskey.com/products/crown-royal-black-750ml
  Found image URL: http://whiskyandwhiskey.com/cdn/shop/files/crown-royal-black-750ml_v2_4e03cfac-d...
  Downloading to whiskey-crown-royal-black-whisky-1765525986729-270-crown-royal-black-whisky.jpg...
  ✓ Successfully downloaded
[36/192] Processing: Talisker 10 Year Single Malt Scotch Whisky
  Fetching product page: https://whiskyandwhiskey.com/products/talisker-10-year-old-single-malt-scotch-whisky
  Found image URL: http://whiskyandwhiskey.com/cdn/shop/files/talisker-10-year-old-single-malt-scot...
  Downloading to whiskey-talisker-10-year-single-malt-scotch-whisky-1765525986730-278-talisker-10-year-single-malt-scotch-whisky.jpg...
  ✓ Successfully downloaded
[37/192] Processing: The Balvenie 14 Year Caribbean Cask Single Malt Scotch Whisky
  Fetching product page: https://whiskyandwhiskey.com/products/balvenie-14yr-cb-cask-750ml
  Found image URL: http://whiskyandwhiskey.com/cdn/shop/files/balvenie-14yr-cb-cask-750ml_4d0f7905-...
  Downloading to whiskey-the-balvenie-14-year-caribbean-cask-single-malt-scotch-whisky-1765525986731-286-the-balvenie-14-year-caribbean-cask-single-malt-scotch-whisky.jpg...
  ✓ Successfully downloaded
[38/192] Processing: 10th Mountain Rye Whiskey
  Fetching product page: https://whiskyandwhiskey.com/products/10th-mountain-rye-whiskey-750ml
  Found image URL: http://whiskyandwhiskey.com/cdn/shop/files/10th-mountain-rye-whiskey-750ml__001_...
  Downloading to whiskey-10th-mountain-rye-whiskey-1765525986732-294-10th-mountain-rye-whiskey.jpg...
  ✓ Successfully downloaded
[39/192] Processing: Highland Park 12 Year Single Malt Scotch Whisky
  Fetching product page: https://whiskyandwhiskey.com/products/highland-park-12-year-old-single-malt-scotch-whisky
  Found image URL: http://whiskyandwhiskey.com/cdn/shop/files/highland-park-12-year-old-single-malt...
  Downloading to whiskey-highland-park-12-year-single-malt-scotch-whisky-1765525986733-302-highland-park-12-year-single-malt-scotch-whisky.jpg...
  ✓ Successfully downloaded
[40/192] Processing: Knob Creek Smoked Maple Bourbon Whiskey
  Fetching product page: https://whiskyandwhiskey.com/products/knob-creek-smoked-maple-750ml
  Found image URL: http://whiskyandwhiskey.com/cdn/shop/files/knob-creek-smoked-maple-750ml__001_2d...
  Downloading to whiskey-knob-creek-smoked-maple-bourbon-whiskey-1765525986734-310-knob-creek-smoked-maple-bourbon-whiskey.jpg...
  ✓ Successfully downloaded
[41/192] Processing: Bushmills 21 Year Single Malt Irish Whiskey
  Fetching product page: https://whiskyandwhiskey.com/products/bushmills-21-year-old-single-malt-irish-whiskey
  Found image URL: http://whiskyandwhiskey.com/cdn/shop/files/bushmills-21-year-old-single-malt-iri...
  Downloading to whiskey-bushmills-21-year-single-malt-irish-whiskey-1765525986735-318-bushmills-21-year-single-malt-irish-whiskey.jpg...
  ✓ Successfully downloaded
[42/192] Processing: The Macallan 18 Year Sherry Oak Cask Single Malt Scotch Whisky
  Fetching product page: https://whiskyandwhiskey.com/products/macallan-18-year-sherry-oak-750ml
  Found image URL: http://whiskyandwhiskey.com/cdn/shop/files/macallan-18-year-sherry-oak-750ml_1ea...
  Downloading to whiskey-the-macallan-18-year-sherry-oak-cask-single-malt-scotch-whisky-1765525986736-326-the-macallan-18-year-sherry-oak-cask-single-malt-scotch-whisky.jpg...
  ✓ Successfully downloaded
[43/192] Processing: The Angel's Envy Whiskey Bundle
  Fetching product page: https://whiskyandwhiskey.com/products/the-angels-envy-whiskey-bundle
  Found image URL: http://whiskyandwhiskey.com/cdn/shop/files/the-angels-envy-whiskey-bundle__001_8...
  Downloading to whiskey-the-angel-s-envy-whiskey-bundle-1765525986737-334-the-angel-s-envy-whiskey-bundle.jpg...
  ✓ Successfully downloaded
[44/192] Processing: The Redwood Empire Whiskey Bundle
  Fetching product page: https://whiskyandwhiskey.com/products/the-redwood-empire-whiskey-bundle
  Found image URL: http://whiskyandwhiskey.com/cdn/shop/files/the-redwood-empire-whiskey-bundle_v2_...
  Downloading to whiskey-the-redwood-empire-whiskey-bundle-1765525986738-342-the-redwood-empire-whiskey-bundle.jpg...
  ✓ Successfully downloaded
[45/192] Processing: Redbreast 12 Year Cask Strength Irish Whiskey
  Fetching product page: https://whiskyandwhiskey.com/products/redbreast-12-year-old-cask-strength-irish-whiskey
  Found image URL: http://whiskyandwhiskey.com/cdn/shop/files/redbreast-12-year-old-cask-strength-i...
  Downloading to whiskey-redbreast-12-year-cask-strength-irish-whiskey-1765525986739-350-redbreast-12-year-cask-strength-irish-whiskey.jpg...
  ✓ Successfully downloaded
[46/192] Processing: WhistlePig FarmStock Rye Crop No. 003 Rye Whiskey
  Fetching product page: https://whiskyandwhiskey.com/products/whistlepig-farmstock-rye-crop-no-003-rye-whiskey
  Found image URL: http://whiskyandwhiskey.com/cdn/shop/files/whistlepig-farmstock-rye-crop-no-003-...
  Downloading to whiskey-whistlepig-farmstock-rye-crop-no-003-rye-whiskey-1765525986740-358-whistlepig-farmstock-rye-crop-no-003-rye-whiskey.jpg...
  ✓ Successfully downloaded
[47/192] Processing: Pure Kentucky XO Small Batch Straight Bourbon Whiskey
  Fetching product page: https://whiskyandwhiskey.com/products/pure-kentucky-xo-straight-bourbon-whiskey-750ml
  Found image URL: http://whiskyandwhiskey.com/cdn/shop/files/pure-kentucky-xo-straight-bourbon-whi...
  Downloading to whiskey-pure-kentucky-xo-small-batch-straight-bourbon-whiskey-1765525986741-366-pure-kentucky-xo-small-batch-straight-bourbon-whiskey.jpg...
  ✓ Successfully downloaded
[48/192] Processing: The Glenlivet 21 Year Single Malt Scotch Whisky
  Fetching product page: https://whiskyandwhiskey.com/products/the-glenlivet-21-year-old-single-malt-scotch-whisky
  Found image URL: http://whiskyandwhiskey.com/cdn/shop/files/the-glenlivet-21-year-old-single-malt...
  Downloading to whiskey-the-glenlivet-21-year-single-malt-scotch-whisky-1765525986742-374-the-glenlivet-21-year-single-malt-scotch-whisky.jpg...
  ✓ Successfully downloaded
[49/192] Processing: 1792 Single Barrel Bourbon Whiskey
  Fetching product page: https://whiskyandwhiskey.com/products/1792-single-barrel-bourbon-whiskey
  Found image URL: http://whiskyandwhiskey.com/cdn/shop/files/1792-single-barrel-bourbon-whiskey_46...
  Downloading to whiskey-1792-single-barrel-bourbon-whiskey-1765525988769-8-1792-single-barrel-bourbon-whiskey.jpg...
  ✓ Successfully downloaded
[50/192] Processing: Crown Royal Apple Whisky
  Fetching product page: https://whiskyandwhiskey.com/products/crown-royal-apple-whisky
  Found image URL: http://whiskyandwhiskey.com/cdn/shop/files/crown-royal-apple-whisky_v2_1f2144d9-...
  Downloading to whiskey-crown-royal-apple-whisky-1765525988770-16-crown-royal-apple-whisky.jpg...
  ✓ Successfully downloaded
[51/192] Processing: Bulleit Bourbon Whiskey
  Fetching product page: https://whiskyandwhiskey.com/products/bulleit-bourbon-whiskey-750ml
  Found image URL: http://whiskyandwhiskey.com/cdn/shop/files/bulleit-bourbon-whiskey-750ml_9c1f844...
  Downloading to whiskey-bulleit-bourbon-whiskey-1765525988771-24-bulleit-bourbon-whiskey.jpg...
  ✓ Successfully downloaded
[52/192] Processing: Devils River Small Batch Bourbon Whiskey
  Fetching product page: https://whiskyandwhiskey.com/products/devils-river-bourbon-750ml
  Found image URL: http://whiskyandwhiskey.com/cdn/shop/files/devils-river-bourbon-750ml__001_93722...
  Downloading to whiskey-devils-river-small-batch-bourbon-whiskey-1765525988772-32-devils-river-small-batch-bourbon-whiskey.jpg...
  ✓ Successfully downloaded
[53/192] Processing: Jim Beam Bourbon Whiskey
  Fetching product page: https://whiskyandwhiskey.com/products/jim-beam-bourbon-750ml
  Found image URL: http://whiskyandwhiskey.com/cdn/shop/files/jim-beam-bourbon-750ml__001_3bb37868-...
  Downloading to whiskey-jim-beam-bourbon-whiskey-1765525988773-40-jim-beam-bourbon-whiskey.jpg...
  ✓ Successfully downloaded
[54/192] Processing: WhistlePig 15 Year Vermont Estate Oak Straight Rye Whiskey
  Fetching product page: https://whiskyandwhiskey.com/products/whistlepig-15-year-old-vermont-estate-oak-straight-rye-whiskey
  Found image URL: http://whiskyandwhiskey.com/cdn/shop/files/whistlepig-15-year-old-vermont-estate...
  Downloading to whiskey-whistlepig-15-year-vermont-estate-oak-straight-rye-whiskey-1765525988774-48-whistlepig-15-year-vermont-estate-oak-straight-rye-whiskey.jpg...
  ✓ Successfully downloaded
[55/192] Processing: Larceny Small Batch Bourbon Whiskey
  Fetching product page: https://whiskyandwhiskey.com/products/larceny-bourbon-750ml
  Found image URL: http://whiskyandwhiskey.com/cdn/shop/files/larceny-bourbon-750ml_c1a5f415-f2b6-4...
  Downloading to whiskey-larceny-small-batch-bourbon-whiskey-1765525988775-56-larceny-small-batch-bourbon-whiskey.jpg...
  ✓ Successfully downloaded
[56/192] Processing: Breckenridge Port Cask Finish Bourbon Whiskey
  Fetching product page: https://whiskyandwhiskey.com/products/breckenridge-port-cask-finish-750ml
  Found image URL: http://whiskyandwhiskey.com/cdn/shop/files/breckenridge-port-cask-finish-750ml_2...
  Downloading to whiskey-breckenridge-port-cask-finish-bourbon-whiskey-1765525988776-64-breckenridge-port-cask-finish-bourbon-whiskey.jpg...
  ✓ Successfully downloaded
[57/192] Processing: Peerless Small Batch Bourbon Whiskey
  Fetching product page: https://whiskyandwhiskey.com/products/peerless-small-batch-bourbon-whiskey
  Found image URL: http://whiskyandwhiskey.com/cdn/shop/files/peerless-small-batch-bourbon-whiskey_...
  Downloading to whiskey-peerless-small-batch-bourbon-whiskey-1765525988778-72-peerless-small-batch-bourbon-whiskey.jpg...
  ✓ Successfully downloaded
[58/192] Processing: Yellow Spot 12 Year Single Pot Still Irish Whiskey
  Fetching product page: https://whiskyandwhiskey.com/products/yellow-spot-12-year-old-single-pot-still-irish-whiskey
  Found image URL: http://whiskyandwhiskey.com/cdn/shop/files/yellow-spot-12-year-old-single-pot-st...
  Downloading to whiskey-yellow-spot-12-year-single-pot-still-irish-whiskey-1765525988779-80-yellow-spot-12-year-single-pot-still-irish-whiskey.jpg...
  ✓ Successfully downloaded
[59/192] Processing: Russell's Reserve 10 Year Bourbon Whiskey
  Fetching product page: https://whiskyandwhiskey.com/products/russells-reserve-10-year-old-bourbon-whiskey
  Found image URL: http://whiskyandwhiskey.com/cdn/shop/files/russells-reserve-10-year-old-bourbon-...
  Downloading to whiskey-russell-s-reserve-10-year-bourbon-whiskey-1765525988780-88-russell-s-reserve-10-year-bourbon-whiskey.jpg...
  ✓ Successfully downloaded
[60/192] Processing: Garrison Brothers Guadalupe Bourbon Whiskey
  Fetching product page: https://whiskyandwhiskey.com/products/garrison-brothers-guadalupe-bourbon-whiskey-750ml
  Found image URL: http://whiskyandwhiskey.com/cdn/shop/files/garrison-brothers-guadalupe-bourbon-w...
  Downloading to whiskey-garrison-brothers-guadalupe-bourbon-whiskey-1765525988782-94-garrison-brothers-guadalupe-bourbon-whiskey.jpg...
  ✓ Successfully downloaded
[61/192] Processing: Bushmills 16 Year Single Malt Irish Whiskey
  Fetching product page: https://whiskyandwhiskey.com/products/bushmills-16-year-old-single-malt-irish-whiskey
  Found image URL: http://whiskyandwhiskey.com/cdn/shop/files/bushmills-16-year-old-single-malt-iri...
  Downloading to whiskey-bushmills-16-year-single-malt-irish-whiskey-1765525988783-102-bushmills-16-year-single-malt-irish-whiskey.jpg...
  ✓ Successfully downloaded
[62/192] Processing: The Dalmore Port Wood Reserve Single Malt Scotch Whisky
  Fetching product page: https://whiskyandwhiskey.com/products/the-dalmore-port-wood-reserve-single-malt-scotch-whisky
  Found image URL: http://whiskyandwhiskey.com/cdn/shop/files/the-dalmore-port-wood-reserve-single-...
  Downloading to whiskey-the-dalmore-port-wood-reserve-single-malt-scotch-whisky-1765525988784-110-the-dalmore-port-wood-reserve-single-malt-scotch-whisky.jpg...
  ✓ Successfully downloaded
[63/192] Processing: Oban Distiller's Edition Highland Single Malt Scotch Whisky
  Fetching product page: https://whiskyandwhiskey.com/products/oban-distillers-edition-highland-single-malt-scotch-whisky-750ml
  Found image URL: http://whiskyandwhiskey.com/cdn/shop/files/oban-distillers-edition-highland-sing...
  Downloading to whiskey-oban-distiller-s-edition-highland-single-malt-scotch-whisky-1765525988785-118-oban-distiller-s-edition-highland-single-malt-scotch-whisky.jpg...
  ✓ Successfully downloaded
[64/192] Processing: Paddy's Old Irish Whiskey
  Fetching product page: https://whiskyandwhiskey.com/products/paddys-old-irish-whiskey-750ml
  Found image URL: http://whiskyandwhiskey.com/cdn/shop/files/paddys-old-irish-whiskey-750ml_807718...
  Downloading to whiskey-paddy-s-old-irish-whiskey-1765525988786-126-paddy-s-old-irish-whiskey.jpg...
  ✓ Successfully downloaded
[65/192] Processing: Nikka Miyagikyo Single Malt Whisky
  Fetching product page: https://whiskyandwhiskey.com/products/nikka-miyagikyo-japanese-whisky-750ml
  Found image URL: http://whiskyandwhiskey.com/cdn/shop/files/nikka-miyagikyo-japanese-whisky-750ml...
  Downloading to whiskey-nikka-miyagikyo-single-malt-whisky-1765525988787-134-nikka-miyagikyo-single-malt-whisky.jpg...
  ✓ Successfully downloaded
[66/192] Processing: Johnnie Walker Double Black Blended Scotch Whisky
  Fetching product page: https://whiskyandwhiskey.com/products/johnnie-walker-double-black-750ml
  Found image URL: http://whiskyandwhiskey.com/cdn/shop/files/johnnie-walker-double-black-750ml_255...
  Downloading to whiskey-johnnie-walker-double-black-blended-scotch-whisky-1765525988788-142-johnnie-walker-double-black-blended-scotch-whisky.jpg...
  ✓ Successfully downloaded
[67/192] Processing: The Sexton Single Malt Irish Whiskey
  Fetching product page: https://whiskyandwhiskey.com/products/sexton-irish-whiskey-750ml-80pf
  Found image URL: http://whiskyandwhiskey.com/cdn/shop/files/sexton-irish-whiskey-750ml-80pf__001_...
  Downloading to whiskey-the-sexton-single-malt-irish-whiskey-1765525988790-150-the-sexton-single-malt-irish-whiskey.jpg...
  ✓ Successfully downloaded
[68/192] Processing: Michter's US*1 Single Barrel Straight Rye Whiskey
  Fetching product page: https://whiskyandwhiskey.com/products/michters-us-1-kentucky-straight-rye-750ml
  Found image URL: http://whiskyandwhiskey.com/cdn/shop/files/michters-us-1-kentucky-straight-rye-7...
  Downloading to whiskey-michter-s-us-1-single-barrel-straight-rye-whiskey-1765525988791-158-michter-s-us-1-single-barrel-straight-rye-whiskey.jpg...
  ✓ Successfully downloaded
[69/192] Processing: 1792 Full Proof Bourbon Whiskey
  Fetching product page: https://whiskyandwhiskey.com/products/1792-full-proof-bourbon-whiskey
  Found image URL: http://whiskyandwhiskey.com/cdn/shop/files/1792-full-proof-bourbon-whiskey__001_...
  Downloading to whiskey-1792-full-proof-bourbon-whiskey-1765525988792-166-1792-full-proof-bourbon-whiskey.jpg...
  ✓ Successfully downloaded
[70/192] Processing: Smoke Wagon Uncut Unfiltered Straight Bourbon Whiskey
  Fetching product page: https://whiskyandwhiskey.com/products/smoke-wagon-uncut-unfiltered-straight-bourbon-whiskey
  Found image URL: http://whiskyandwhiskey.com/cdn/shop/files/smoke-wagon-uncut-unfiltered-straight...
  Downloading to whiskey-smoke-wagon-uncut-unfiltered-straight-bourbon-whiskey-1765525988794-174-smoke-wagon-uncut-unfiltered-straight-bourbon-whiskey.jpg...
  ✓ Successfully downloaded
[71/192] Processing: Widow Jane The Vaults 15 Year Bourbon Whiskey
  Fetching product page: https://whiskyandwhiskey.com/products/widow-jane-the-vaults-15-year-old-bourbon-whiskey-750ml
  Found image URL: http://whiskyandwhiskey.com/cdn/shop/files/widow-jane-the-vaults-15-year-old-bou...
  Downloading to whiskey-widow-jane-the-vaults-15-year-bourbon-whiskey-1765525988795-182-widow-jane-the-vaults-15-year-bourbon-whiskey.jpg...
  ✓ Successfully downloaded
[72/192] Processing: Chivas Regal 18 Year Gold Signature Blended Scotch Whisky
  Fetching product page: https://whiskyandwhiskey.com/products/chivas-regal-18-year-old-gold-signature-blended-scotch-whisky
  Found image URL: http://whiskyandwhiskey.com/cdn/shop/files/chivas-regal-18-year-old-gold-signatu...
  Downloading to whiskey-chivas-regal-18-year-gold-signature-blended-scotch-whisky-1765525988797-188-chivas-regal-18-year-gold-signature-blended-scotch-whisky.jpg...
  ✓ Successfully downloaded
[73/192] Processing: The Peanut Butter Cookie Whiskey Bundle
  Fetching product page: https://whiskyandwhiskey.com/products/the-peanut-butter-cookie-whiskey-bundle
  Found image URL: http://whiskyandwhiskey.com/cdn/shop/files/the-peanut-butter-cookie-whiskey-bund...
  Downloading to whiskey-the-peanut-butter-cookie-whiskey-bundle-1765525988798-196-the-peanut-butter-cookie-whiskey-bundle.jpg...
  ✓ Successfully downloaded
[74/192] Processing: George Remus Straight Bourbon Whiskey
  Fetching product page: https://whiskyandwhiskey.com/products/george-remus-straight-bourbon-whiskey-750ml
  Found image URL: http://whiskyandwhiskey.com/cdn/shop/files/george-remus-straight-bourbon-whiskey...
  Downloading to whiskey-george-remus-straight-bourbon-whiskey-1765525988799-204-george-remus-straight-bourbon-whiskey.jpg...
  ✓ Successfully downloaded
[75/192] Processing: The Macallan 18 Year Double Cask Single Malt Scotch Whisky
  Fetching product page: https://whiskyandwhiskey.com/products/the-macallan-18-years-old-double-cask-750ml
  Found image URL: http://whiskyandwhiskey.com/cdn/shop/files/the-macallan-18-years-old-double-cask...
  Downloading to whiskey-the-macallan-18-year-double-cask-single-malt-scotch-whisky-1765525988801-212-the-macallan-18-year-double-cask-single-malt-scotch-whisky.jpg...
  ✓ Successfully downloaded
[76/192] Processing: Wild Turkey Rare Breed Barrel Proof Rye
  Fetching product page: https://whiskyandwhiskey.com/products/wild-turkey-rare-breed-barrel-proof-rye
  Found image URL: http://whiskyandwhiskey.com/cdn/shop/files/wild-turkey-rare-breed-barrel-proof-r...
  Downloading to whiskey-wild-turkey-rare-breed-barrel-proof-rye-1765525988802-220-wild-turkey-rare-breed-barrel-proof-rye.jpg...
  ✓ Successfully downloaded
[77/192] Processing: Green Spot Single Pot Still Irish Whiskey
  Fetching product page: https://whiskyandwhiskey.com/products/green-spot-single-pot-still-irish-whiskey
  Found image URL: http://whiskyandwhiskey.com/cdn/shop/files/green-spot-single-pot-still-irish-whi...
  Downloading to whiskey-green-spot-single-pot-still-irish-whiskey-1765525988803-228-green-spot-single-pot-still-irish-whiskey.jpg...
  ✓ Successfully downloaded
[78/192] Processing: Blanton's Black Edition Bourbon Whiskey
  Fetching product page: https://whiskyandwhiskey.com/products/blantons-black-edition-bourbon-whiskey-750ml
  Found image URL: http://whiskyandwhiskey.com/cdn/shop/files/blantons-black-label-403634_1.webp?v=...
  Downloading to whiskey-blanton-s-black-edition-bourbon-whiskey-1765525988804-236-blanton-s-black-edition-bourbon-whiskey.jpg...
  ✓ Successfully downloaded
[79/192] Processing: Hillrock Double Cask Rye Whiskey
  Fetching product page: https://whiskyandwhiskey.com/products/hillrock-double-cask-rye-whiskey-sauternes-cask-finished-750ml
  Found image URL: http://whiskyandwhiskey.com/cdn/shop/files/hillrock-double-cask-rye-whiskey-saut...
  Downloading to whiskey-hillrock-double-cask-rye-whiskey-1765525988806-244-hillrock-double-cask-rye-whiskey.jpg...
  ✓ Successfully downloaded
[80/192] Processing: Redbreast 15 Year Irish Whiskey
  Fetching product page: https://whiskyandwhiskey.com/products/redbreast-aged-15-years-irish-whiskey-750ml
  Found image URL: http://whiskyandwhiskey.com/cdn/shop/files/redbreast-aged-15-years-irish-whiskey...
  Downloading to whiskey-redbreast-15-year-irish-whiskey-1765525988807-252-redbreast-15-year-irish-whiskey.jpg...
  ✓ Successfully downloaded
[81/192] Processing: The Dalmore 12 Year Single Malt Scotch Whisky
  Fetching product page: https://whiskyandwhiskey.com/products/the-dalmore-12-year-old-single-malt-scotch-whisky
  Found image URL: http://whiskyandwhiskey.com/cdn/shop/files/the-dalmore-12-year-old-single-malt-s...
  Downloading to whiskey-the-dalmore-12-year-single-malt-scotch-whisky-1765525988808-260-the-dalmore-12-year-single-malt-scotch-whisky.jpg...
  ✓ Successfully downloaded
[82/192] Processing: Johnny Drum Private Stock Kentucky Bourbon Whiskey
  Fetching product page: https://whiskyandwhiskey.com/products/willett-johnny-drum-private-stock-bourbon-whiskey-750ml
  Found image URL: http://whiskyandwhiskey.com/cdn/shop/files/willett-johnny-drum-private-stock-bou...
  Downloading to whiskey-johnny-drum-private-stock-kentucky-bourbon-whiskey-1765525988808-268-johnny-drum-private-stock-kentucky-bourbon-whiskey.jpg...
  ✓ Successfully downloaded
[83/192] Processing: Liberty Call Special Reserve Bourbon Whiskey '50 Caliber Bullet Bottle'
  Fetching product page: https://whiskyandwhiskey.com/products/liberty-call-special-reserve-very-small-batch-bourbon-whiskey-bullet-bottle-750ml
  Found image URL: http://whiskyandwhiskey.com/cdn/shop/files/liberty-call-special-reserve-very-sma...
  Downloading to whiskey-liberty-call-special-reserve-bourbon-whiskey-50-caliber-bullet-bottle-1765525988809-276-liberty-call-special-reserve-bourbon-whiskey-50-caliber-bullet-bottle.jpg...
  ✓ Successfully downloaded
[84/192] Processing: Johnnie Walker Blue Label Blended Scotch Whisky
  Fetching product page: https://whiskyandwhiskey.com/products/johnnie-walker-blue-label-blended-scotch-whisky
  Found image URL: http://whiskyandwhiskey.com/cdn/shop/files/johnnie-walker-blue-label-blended-sco...
  Downloading to whiskey-johnnie-walker-blue-label-blended-scotch-whisky-1765525988810-284-johnnie-walker-blue-label-blended-scotch-whisky.jpg...
  ✓ Successfully downloaded
[85/192] Processing: Laphroaig Select Single Malt Scotch Whisky
  Fetching product page: https://whiskyandwhiskey.com/products/laphroaig-select-single-malt-scotch-whisky
  Found image URL: http://whiskyandwhiskey.com/cdn/shop/files/laphroaig-select-single-malt-scotch-w...
  Downloading to whiskey-laphroaig-select-single-malt-scotch-whisky-1765525988811-292-laphroaig-select-single-malt-scotch-whisky.jpg...
  ✓ Successfully downloaded
[86/192] Processing: Basil Hayden 10 Year Bourbon Whiskey
  Fetching product page: https://whiskyandwhiskey.com/products/basil-haydens-10-yr-bourbon-750ml
  Found image URL: http://whiskyandwhiskey.com/cdn/shop/files/basil-haydens-10-yr-bourbon-750ml__00...
  Downloading to whiskey-basil-hayden-10-year-bourbon-whiskey-1765525988813-300-basil-hayden-10-year-bourbon-whiskey.jpg...
  ✓ Successfully downloaded
[87/192] Processing: Glenfiddich 15 Year Solera Reserve Single Malt Scotch Whisky
  Fetching product page: https://whiskyandwhiskey.com/products/glenfiddich-15yr-750ml
  Found image URL: http://whiskyandwhiskey.com/cdn/shop/files/glenfiddich-15yr-750ml_2d9d62bb-0d34-...
  Downloading to whiskey-glenfiddich-15-year-solera-reserve-single-malt-scotch-whisky-1765525988814-308-glenfiddich-15-year-solera-reserve-single-malt-scotch-whisky.jpg...
  ✓ Successfully downloaded
[88/192] Processing: Old Rip Van Winkle 10 Year Bourbon
  Fetching product page: https://whiskyandwhiskey.com/products/old-rip-van-winkle-10-year-old-bourbon
  Found image URL: http://whiskyandwhiskey.com/cdn/shop/files/old-rip-van-winkle-10-year-old-bourbo...
  Downloading to whiskey-old-rip-van-winkle-10-year-bourbon-1765525988815-316-old-rip-van-winkle-10-year-bourbon.jpg...
  ✓ Successfully downloaded
[89/192] Processing: Jack Daniel's Tennessee Fire
  Fetching product page: https://whiskyandwhiskey.com/products/jack-daniels-tennessee-fire-750ml
  Found image URL: http://whiskyandwhiskey.com/cdn/shop/files/jack-daniels-tennessee-fire-750ml__00...
  Downloading to whiskey-jack-daniel-s-tennessee-fire-1765525988816-324-jack-daniel-s-tennessee-fire.jpg...
  ✓ Successfully downloaded
[90/192] Processing: Jack Daniel's Single Barrel Select Rye Whiskey
  Fetching product page: https://whiskyandwhiskey.com/products/jack-daniels-single-barrel-select-rye-750ml
  Found image URL: http://whiskyandwhiskey.com/cdn/shop/files/jack-daniels-single-barrel-select-rye...
  Downloading to whiskey-jack-daniel-s-single-barrel-select-rye-whiskey-1765525988817-332-jack-daniel-s-single-barrel-select-rye-whiskey.jpg...
  ✓ Successfully downloaded
[91/192] Processing: Basil Hayden Dark Rye Whiskey
  Fetching product page: https://whiskyandwhiskey.com/products/basil-hayden-dark-rye-whiskey
  Found image URL: http://whiskyandwhiskey.com/cdn/shop/files/basil-hayden-dark-rye-whiskey__001_f6...
  Downloading to whiskey-basil-hayden-dark-rye-whiskey-1765525988818-340-basil-hayden-dark-rye-whiskey.jpg...
  ✓ Successfully downloaded
[92/192] Processing: Maker's Mark Cask Strength Bourbon Whiskey
  Fetching product page: https://whiskyandwhiskey.com/products/makers-mark-cask-strength-bourbon-whiskey
  Found image URL: http://whiskyandwhiskey.com/cdn/shop/files/makers-mark-cask-strength-bourbon-whi...
  Downloading to whiskey-maker-s-mark-cask-strength-bourbon-whiskey-1765525988818-348-maker-s-mark-cask-strength-bourbon-whiskey.jpg...
  ✓ Successfully downloaded
[93/192] Processing: Jameson 18 Year Triple Distilled Irish Whiskey
  Fetching product page: https://whiskyandwhiskey.com/products/jameson-18-year-old-triple-distilled-irish-whiskey
  Found image URL: http://whiskyandwhiskey.com/cdn/shop/files/jameson-18-year-old-triple-distilled-...
  Downloading to whiskey-jameson-18-year-triple-distilled-irish-whiskey-1765525988819-356-jameson-18-year-triple-distilled-irish-whiskey.jpg...
  ✓ Successfully downloaded
[94/192] Processing: Peerless Kentucky Straight Rye Whiskey
  Fetching product page: https://whiskyandwhiskey.com/products/peerless-kentucky-straight-rye-whiskey
  Found image URL: http://whiskyandwhiskey.com/cdn/shop/files/peerless-kentucky-straight-rye-whiske...
  Downloading to whiskey-peerless-kentucky-straight-rye-whiskey-1765525988820-364-peerless-kentucky-straight-rye-whiskey.jpg...
  ✓ Successfully downloaded
[95/192] Processing: Joseph Magnus Straight Bourbon Whiskey
  Fetching product page: https://whiskyandwhiskey.com/products/joseph-magnus-straight-bourbon-whiskey
  Found image URL: http://whiskyandwhiskey.com/cdn/shop/products/image_cf9efbda-f535-415d-8d03-fbec...
  Downloading to whiskey-joseph-magnus-straight-bourbon-whiskey-1765525988821-372-joseph-magnus-straight-bourbon-whiskey.jpg...
  ✓ Successfully downloaded
[96/192] Processing: Kentucky Owl Bourbon St. Patrick's Edition
  Fetching product page: https://whiskyandwhiskey.com/products/kentucky-owl-bourbon-st-patricks-edition-750ml
  Found image URL: http://whiskyandwhiskey.com/cdn/shop/files/kentucky-owl-bourbon-st-patricks-edit...
  Downloading to whiskey-kentucky-owl-bourbon-st-patrick-s-edition-1765525988822-380-kentucky-owl-bourbon-st-patrick-s-edition.jpg...
  ✓ Successfully downloaded
[97/192] Processing: Ardbeg 10 Year Single Malt Scotch Whisky
  Fetching product page: https://whiskyandwhiskey.com/products/ardbeg-10-year-old-single-malt-scotch-whisky-750ml
  Found image URL: http://whiskyandwhiskey.com/cdn/shop/files/ardbeg-10-year-old-single-malt-scotch...
  Downloading to whiskey-ardbeg-10-year-single-malt-scotch-whisky-1765525990896-8-ardbeg-10-year-single-malt-scotch-whisky.jpg...
  ✓ Successfully downloaded
[98/192] Processing: Redwood Empire Pipe Dream Bourbon Whiskey
  Fetching product page: https://whiskyandwhiskey.com/products/redwood-empire-pipe-dream-bourbon-whiskey-750ml
  Found image URL: http://whiskyandwhiskey.com/cdn/shop/files/redwood-empire-pipe-dream-bourbon-whi...
  Downloading to whiskey-redwood-empire-pipe-dream-bourbon-whiskey-1765525990897-16-redwood-empire-pipe-dream-bourbon-whiskey.jpg...
  ✓ Successfully downloaded
[99/192] Processing: The Four Roses Bourbon Bundle
  Fetching product page: https://whiskyandwhiskey.com/products/the-four-roses-bourbon-bundle
  Found image URL: http://whiskyandwhiskey.com/cdn/shop/files/the-four-roses-bourbon-bundle__001_20...
  Downloading to whiskey-the-four-roses-bourbon-bundle-1765525990899-24-the-four-roses-bourbon-bundle.jpg...
  ✓ Successfully downloaded
[100/192] Processing: The WhistlePig Rye Whiskey Bundle
  Fetching product page: https://whiskyandwhiskey.com/products/the-whistlepig-rye-whiskey-bundle
  Found image URL: http://whiskyandwhiskey.com/cdn/shop/files/the-whistlepig-rye-whiskey-bundle__00...
  Downloading to whiskey-the-whistlepig-rye-whiskey-bundle-1765525990900-32-the-whistlepig-rye-whiskey-bundle.jpg...
  ✓ Successfully downloaded
[101/192] Processing: Kentucky Owl Wiseman Bourbon Whiskey
  Fetching product page: https://whiskyandwhiskey.com/products/kentucky-owl-wiseman-bourbon-whiskey-750ml
  Found image URL: http://whiskyandwhiskey.com/cdn/shop/files/kentucky-owl-wiseman-bourbon-whiskey-...
  Downloading to whiskey-kentucky-owl-wiseman-bourbon-whiskey-1765525990901-40-kentucky-owl-wiseman-bourbon-whiskey.jpg...
  ✓ Successfully downloaded
[102/192] Processing: Aberlour 18 Year Double Cask Matured Scotch Whisky
  Fetching product page: https://whiskyandwhiskey.com/products/aberlour-18-year-old-double-cask-matured-scotch-whisky-750ml
  Found image URL: http://whiskyandwhiskey.com/cdn/shop/files/aberlour-18-year-old-double-cask-matu...
  Downloading to whiskey-aberlour-18-year-double-cask-matured-scotch-whisky-1765525990901-48-aberlour-18-year-double-cask-matured-scotch-whisky.jpg...
  ✓ Successfully downloaded
[103/192] Processing: Pendleton 'We've Got Your 6' Military Appreciation Edition Bottle
  Fetching product page: https://whiskyandwhiskey.com/products/pendleton-weve-got-your-6-military-appreciation-edition-bottle
  Found image URL: http://whiskyandwhiskey.com/cdn/shop/files/pendleton-weve-got-your-6-military-ap...
  Downloading to whiskey-pendleton-we-ve-got-your-6-military-appreciation-edition-bottle-1765525990902-56-pendleton-we-ve-got-your-6-military-appreciation-edition-bottle.jpg...
  ✓ Successfully downloaded
[104/192] Processing: Templeton 10 Year Rye Whiskey
  Fetching product page: https://whiskyandwhiskey.com/products/templeton-10-year-old-rye-whiskey
  Found image URL: http://whiskyandwhiskey.com/cdn/shop/files/templeton-10-year-old-rye-whiskey__00...
  Downloading to whiskey-templeton-10-year-rye-whiskey-1765525990903-64-templeton-10-year-rye-whiskey.jpg...
  ✓ Successfully downloaded
[105/192] Processing: Amador Double Barrel Bourbon Finished in Cabernet Sauvignon Barrels
  Fetching product page: https://whiskyandwhiskey.com/products/amador-double-barrel-cabernet-sauvignon-finish-bourbon-whiskey-750ml
  Found image URL: http://whiskyandwhiskey.com/cdn/shop/files/amador-double-barrel-cabernet-sauvign...
  Downloading to whiskey-amador-double-barrel-bourbon-finished-in-cabernet-sauvignon-barrels-1765525990903-72-amador-double-barrel-bourbon-finished-in-cabernet-sauvignon-barrels.jpg...
  ✓ Successfully downloaded
[106/192] Processing: Aberlour A'bunadh Single Malt Scotch Whisky
  Fetching product page: https://whiskyandwhiskey.com/products/aberlour-abunadh-single-malt-scotch-whisky-750ml
  Found image URL: http://whiskyandwhiskey.com/cdn/shop/files/aberlour-abunadh-single-malt-scotch-w...
  Downloading to whiskey-aberlour-a-bunadh-single-malt-scotch-whisky-1765525990904-80-aberlour-a-bunadh-single-malt-scotch-whisky.jpg...
  ✓ Successfully downloaded
[107/192] Processing: Puncher's Chance Kentucky Straight Bourbon Whiskey
  Fetching product page: https://whiskyandwhiskey.com/products/punchers-chance-kentucky-straight-bourbon-whiskey-750ml
  Found image URL: http://whiskyandwhiskey.com/cdn/shop/files/punchers-chance-kentucky-straight-bou...
  Downloading to whiskey-puncher-s-chance-kentucky-straight-bourbon-whiskey-1765525990905-88-puncher-s-chance-kentucky-straight-bourbon-whiskey.jpg...
  ✓ Successfully downloaded
[108/192] Processing: Blanton's Straight From The Barrel Bourbon Whiskey
  Fetching product page: https://whiskyandwhiskey.com/products/blantons-straight-from-the-barrel-bourbon-whiskey-750ml
  Found image URL: http://whiskyandwhiskey.com/cdn/shop/files/blantons-straight-from-the-barrel-bou...
  Downloading to whiskey-blanton-s-straight-from-the-barrel-bourbon-whiskey-1765525990906-96-blanton-s-straight-from-the-barrel-bourbon-whiskey.jpg...
  ✓ Successfully downloaded
[109/192] Processing: The Glenlivet 14 Year Single Malt Scotch Whisky
  Fetching product page: https://whiskyandwhiskey.com/products/the-glenlivet-14-year-old-single-malt-scotch-whisky
  Found image URL: http://whiskyandwhiskey.com/cdn/shop/files/the-glenlivet-14-year-old-single-malt...
  Downloading to whiskey-the-glenlivet-14-year-single-malt-scotch-whisky-1765525990906-104-the-glenlivet-14-year-single-malt-scotch-whisky.jpg...
  ✓ Successfully downloaded
[110/192] Processing: High West Double Rye Whiskey
  Fetching product page: https://whiskyandwhiskey.com/products/high-west-double-rye-whiskey-750ml
  Found image URL: http://whiskyandwhiskey.com/cdn/shop/files/high-west-double-rye-whiskey-750ml_c8...
  Downloading to whiskey-high-west-double-rye-whiskey-1765525990908-112-high-west-double-rye-whiskey.jpg...
  ✓ Successfully downloaded
[111/192] Processing: Tincup American Whiskey
  Fetching product page: https://whiskyandwhiskey.com/products/tin-cup-whiskey-750ml
  Found image URL: http://whiskyandwhiskey.com/cdn/shop/files/tin-cup-whiskey-750ml__001_e367a33a-d...
  Downloading to whiskey-tincup-american-whiskey-1765525990909-120-tincup-american-whiskey.jpg...
  ✓ Successfully downloaded
[112/192] Processing: Woodford Reserve Kentucky Straight Rye Whiskey
  Fetching product page: https://whiskyandwhiskey.com/products/woodford-reserve-kentucky-straight-rye-whiskey
  Found image URL: http://whiskyandwhiskey.com/cdn/shop/files/woodford-reserve-kentucky-straight-ry...
  Downloading to whiskey-woodford-reserve-kentucky-straight-rye-whiskey-1765525990910-128-woodford-reserve-kentucky-straight-rye-whiskey.jpg...
  ✓ Successfully downloaded
[113/192] Processing: Bulleit Rye Whiskey
  Fetching product page: https://whiskyandwhiskey.com/products/bulleit-rye-whiskey-750ml
  Found image URL: http://whiskyandwhiskey.com/cdn/shop/files/bulleit-rye-whiskey-750ml_v2_15b6d074...
  Downloading to whiskey-bulleit-rye-whiskey-1765525990910-136-bulleit-rye-whiskey.jpg...
  ✓ Successfully downloaded
[114/192] Processing: The Dalmore 15 Year Single Malt Scotch Whisky
  Fetching product page: https://whiskyandwhiskey.com/products/the-dalmore-15yr-scotch-750ml
  Found image URL: http://whiskyandwhiskey.com/cdn/shop/files/the-dalmore-15yr-scotch-750ml__001_dc...
  Downloading to whiskey-the-dalmore-15-year-single-malt-scotch-whisky-1765525990912-144-the-dalmore-15-year-single-malt-scotch-whisky.jpg...
  ✓ Successfully downloaded
[115/192] Processing: Fireball Cinnamon Whisky
  Fetching product page: https://whiskyandwhiskey.com/products/fireball-cinnamon-whisky
  Found image URL: http://whiskyandwhiskey.com/cdn/shop/files/fireball-cinnamon-whisky__001_b9999e6...
  Downloading to whiskey-fireball-cinnamon-whisky-1765525990913-152-fireball-cinnamon-whisky.jpg...
  ✓ Successfully downloaded
[116/192] Processing: Glenfiddich 12 Year Single Malt Scotch Whisky
  Fetching product page: https://whiskyandwhiskey.com/products/glenfiddich-12-year-old-single-malt-scotch-whisky
  Found image URL: http://whiskyandwhiskey.com/cdn/shop/files/glenfiddich-12-year-old-single-malt-s...
  Downloading to whiskey-glenfiddich-12-year-single-malt-scotch-whisky-1765525990914-160-glenfiddich-12-year-single-malt-scotch-whisky.jpg...
  ✓ Successfully downloaded
[117/192] Processing: Jack Daniel's Old No. 7 Tennessee Whiskey
  Fetching product page: https://whiskyandwhiskey.com/products/jack-daniels-old-no-7-tennessee-whiskey
  Found image URL: http://whiskyandwhiskey.com/cdn/shop/files/jack-daniels-old-no-7-tennessee-whisk...
  Downloading to whiskey-jack-daniel-s-old-no-7-tennessee-whiskey-1765525990914-168-jack-daniel-s-old-no-7-tennessee-whiskey.jpg...
  ✓ Successfully downloaded
[118/192] Processing: Dewar's 12 Year Blended Scotch Whisky
  Fetching product page: https://whiskyandwhiskey.com/products/dewars-12-year-old-blended-scotch-whisky
  Found image URL: http://whiskyandwhiskey.com/cdn/shop/files/dewars-12-year-old-blended-scotch-whi...
  Downloading to whiskey-dewar-s-12-year-blended-scotch-whisky-1765525990915-176-dewar-s-12-year-blended-scotch-whisky.jpg...
  ✓ Successfully downloaded
[119/192] Processing: Maker's Mark Handmade Kentucky Straight Bourbon Whiskey
  Fetching product page: https://whiskyandwhiskey.com/products/makers-mark-handmade-kentucky-straight-bourbon-whiskey
  Found image URL: http://whiskyandwhiskey.com/cdn/shop/files/makers-mark-handmade-kentucky-straigh...
  Downloading to whiskey-maker-s-mark-handmade-kentucky-straight-bourbon-whiskey-1765525990916-184-maker-s-mark-handmade-kentucky-straight-bourbon-whiskey.jpg...
  ✓ Successfully downloaded
[120/192] Processing: Maker's Mark 46 French Oaked Bourbon Whiskey
  Fetching product page: https://whiskyandwhiskey.com/products/makers-mark-46-french-oaked-bourbon-whiskey
  Found image URL: http://whiskyandwhiskey.com/cdn/shop/files/makers-mark-46-french-oaked-bourbon-w...
  Downloading to whiskey-maker-s-mark-46-french-oaked-bourbon-whiskey-1765525990916-192-maker-s-mark-46-french-oaked-bourbon-whiskey.jpg...
  ✓ Successfully downloaded
[121/192] Processing: Johnnie Walker Green Label 15 Year Blended Malt Scotch Whisky
  Fetching product page: https://whiskyandwhiskey.com/products/johnnie-walker-green-label-750ml
  Found image URL: http://whiskyandwhiskey.com/cdn/shop/files/johnnie-walker-green-label-750ml__001...
  Downloading to whiskey-johnnie-walker-green-label-15-year-blended-malt-scotch-whisky-1765525990917-200-johnnie-walker-green-label-15-year-blended-malt-scotch-whisky.jpg...
  ✓ Successfully downloaded
[122/192] Processing: Kentucky Owl Batch 10 Bourbon Whiskey
  Fetching product page: https://whiskyandwhiskey.com/products/kentucky-owl-straight-bourbon-whiskey-batch-no-9-750ml
  Found image URL: http://whiskyandwhiskey.com/cdn/shop/files/kentucky-owl-straight-bourbon-whiskey...
  Downloading to whiskey-kentucky-owl-batch-10-bourbon-whiskey-1765525990918-208-kentucky-owl-batch-10-bourbon-whiskey.jpg...
  ✓ Successfully downloaded
[123/192] Processing: Old Weller Antique 107 Wheated Bourbon
  Fetching product page: https://whiskyandwhiskey.com/products/old-weller-antique-107-wheated-bourbon-750ml
  Found image URL: http://whiskyandwhiskey.com/cdn/shop/files/old-weller-antique-107-wheated-bourbo...
  Downloading to whiskey-old-weller-antique-107-wheated-bourbon-1765525990918-216-old-weller-antique-107-wheated-bourbon.jpg...
  ✓ Successfully downloaded
[124/192] Processing: Michter's US*1 Sour Mash Whiskey
  Fetching product page: https://whiskyandwhiskey.com/products/michters-us-1-sour-mash-750ml
  Found image URL: http://whiskyandwhiskey.com/cdn/shop/files/michters-us-1-sour-mash-750ml__001_54...
  Downloading to whiskey-michter-s-us-1-sour-mash-whiskey-1765525990919-224-michter-s-us-1-sour-mash-whiskey.jpg...
  ✓ Successfully downloaded
[125/192] Processing: Joseph Magnus Murray Hill Club Bourbon Whiskey
  Fetching product page: https://whiskyandwhiskey.com/products/joseph-magnus-murray-hill-club-bourbon-whiskey
  Found image URL: http://whiskyandwhiskey.com/cdn/shop/files/joseph-magnus-murray-hill-club-bourbo...
  Downloading to whiskey-joseph-magnus-murray-hill-club-bourbon-whiskey-1765525990920-230-joseph-magnus-murray-hill-club-bourbon-whiskey.jpg...
  ✓ Successfully downloaded
[126/192] Processing: Old Forester 1910 Old Fine Bourbon Whiskey
  Fetching product page: https://whiskyandwhiskey.com/products/old-forester-1910-old-fine-bourbon-whiskey
  Found image URL: http://whiskyandwhiskey.com/cdn/shop/files/old-forester-1910-old-fine-bourbon-wh...
  Downloading to whiskey-old-forester-1910-old-fine-bourbon-whiskey-1765525990920-238-old-forester-1910-old-fine-bourbon-whiskey.jpg...
  ✓ Successfully downloaded
[127/192] Processing: Kentucky Owl 10 Year Rye Whiskey
  Fetching product page: https://whiskyandwhiskey.com/products/kentucky-owl-aged-10-years-straight-rye-whiskey-750ml-batch-3
  Found image URL: http://whiskyandwhiskey.com/cdn/shop/files/kentucky-owl-aged-10-years-straight-r...
  Downloading to whiskey-kentucky-owl-10-year-rye-whiskey-1765525990921-246-kentucky-owl-10-year-rye-whiskey.jpg...
  ✓ Successfully downloaded
[128/192] Processing: Old Forester 1870 Original Batch Bourbon Whiskey
  Fetching product page: https://whiskyandwhiskey.com/products/old-forester-1870-original-batch-bourbon-whiskey
  Found image URL: http://whiskyandwhiskey.com/cdn/shop/files/old-forester-1870-original-batch-bour...
  Downloading to whiskey-old-forester-1870-original-batch-bourbon-whiskey-1765525990922-254-old-forester-1870-original-batch-bourbon-whiskey.jpg...
  ✓ Successfully downloaded
[129/192] Processing: Knob Creek 9 Year Single Barrel Reserve Bourbon
  Fetching product page: https://whiskyandwhiskey.com/products/knob-creek-9-year-old-single-barrel-reserve-bourbon
  Found image URL: http://whiskyandwhiskey.com/cdn/shop/files/knob-creek-9-year-old-single-barrel-r...
  Downloading to whiskey-knob-creek-9-year-single-barrel-reserve-bourbon-1765525990923-262-knob-creek-9-year-single-barrel-reserve-bourbon.jpg...
  ✓ Successfully downloaded
[130/192] Processing: Garrison Brothers Cowboy Bourbon Whiskey
  Fetching product page: https://whiskyandwhiskey.com/products/garrison-brothers-cowboy-bourbon-whiskey-2021-edition-750ml
  Found image URL: http://whiskyandwhiskey.com/cdn/shop/files/garrison-brothers-cowboy-bourbon-whis...
  Downloading to whiskey-garrison-brothers-cowboy-bourbon-whiskey-1765525990923-270-garrison-brothers-cowboy-bourbon-whiskey.jpg...
  ✓ Successfully downloaded
[131/192] Processing: The Old Forester Bourbon Whiskey Bundle
  Fetching product page: https://whiskyandwhiskey.com/products/the-old-forester-bourbon-whiskey-bundle
  Found image URL: http://whiskyandwhiskey.com/cdn/shop/files/the-old-forester-bourbon-whiskey-bund...
  Downloading to whiskey-the-old-forester-bourbon-whiskey-bundle-1765525990924-278-the-old-forester-bourbon-whiskey-bundle.jpg...
  ✓ Successfully downloaded
[132/192] Processing: W.L. Weller Special Reserve Wheated Bourbon 1L
  Fetching product page: https://whiskyandwhiskey.com/products/w-l-weller-special-reserve-wheated-bourbon-1l
  Found image URL: http://whiskyandwhiskey.com/cdn/shop/files/w-l-weller-special-reserve-wheated-bo...
  Downloading to whiskey-w-l-weller-special-reserve-wheated-bourbon-1l-1765525990925-284-w-l-weller-special-reserve-wheated-bourbon-1l.jpg...
  ✓ Successfully downloaded
[133/192] Processing: Woodinville Straight Bourbon Whiskey
  Fetching product page: https://whiskyandwhiskey.com/products/woodinville-straight-bourbon-whiskey-750ml
  Found image URL: http://whiskyandwhiskey.com/cdn/shop/products/image_23587fc6-db4b-4101-8a83-c4cc...
  Downloading to whiskey-woodinville-straight-bourbon-whiskey-1765525990926-292-woodinville-straight-bourbon-whiskey.jpg...
  ✓ Successfully downloaded
[134/192] Processing: George Dickel 13 Year Bottled In Bond Whiskey
  Fetching product page: https://whiskyandwhiskey.com/products/george-dickel-13-year-old-bottled-in-bond-whiskey
  Found image URL: http://whiskyandwhiskey.com/cdn/shop/files/george-dickel-13-year-old-bottled-in-...
  Downloading to whiskey-george-dickel-13-year-bottled-in-bond-whiskey-1765525990927-300-george-dickel-13-year-bottled-in-bond-whiskey.jpg...
  ✓ Successfully downloaded
[135/192] Processing: Teeling Blackpitts Peated Single Malt Irish Whiskey
  Fetching product page: https://whiskyandwhiskey.com/products/teeling-blackpitts-irish-whiskey-750ml
  Found image URL: http://whiskyandwhiskey.com/cdn/shop/files/teeling-blackpitts-irish-whiskey-750m...
  Downloading to whiskey-teeling-blackpitts-peated-single-malt-irish-whiskey-1765525990928-308-teeling-blackpitts-peated-single-malt-irish-whiskey.jpg...
  ✓ Successfully downloaded
[136/192] Processing: Hillrock Single Malt Whiskey
  Fetching product page: https://whiskyandwhiskey.com/products/hillrock-single-malt-whiskey-750ml
  Found image URL: http://whiskyandwhiskey.com/cdn/shop/files/hillrock-single-malt-whiskey-750ml__0...
  Downloading to whiskey-hillrock-single-malt-whiskey-1765525990929-316-hillrock-single-malt-whiskey.jpg...
  ✓ Successfully downloaded
[137/192] Processing: The Clover Single Barrel Straight Rye Whiskey
  Fetching product page: https://whiskyandwhiskey.com/products/the-clover-single-barrel-rye-whiskey-750ml
  Found image URL: http://whiskyandwhiskey.com/cdn/shop/files/the-clover-single-barrel-rye-whiskey-...
  Downloading to whiskey-the-clover-single-barrel-straight-rye-whiskey-1765525990929-324-the-clover-single-barrel-straight-rye-whiskey.jpg...
  ✓ Successfully downloaded
[138/192] Processing: Bushmills 10 Year Single Malt Irish Whiskey
  Fetching product page: https://whiskyandwhiskey.com/products/bushmills-10-year-old-single-malt-irish-whiskey
  Found image URL: http://whiskyandwhiskey.com/cdn/shop/files/bushmills-10-year-old-single-malt-iri...
  Downloading to whiskey-bushmills-10-year-single-malt-irish-whiskey-1765525990930-332-bushmills-10-year-single-malt-irish-whiskey.jpg...
  ✓ Successfully downloaded
[139/192] Processing: Teeling Small Batch Irish Whiskey
  Fetching product page: https://whiskyandwhiskey.com/products/teeling-small-batch-irish-whiskey-750ml
  Found image URL: http://whiskyandwhiskey.com/cdn/shop/files/teeling-small-batch-irish-whiskey-750...
  Downloading to whiskey-teeling-small-batch-irish-whiskey-1765525990931-340-teeling-small-batch-irish-whiskey.jpg...
  ✓ Successfully downloaded
[140/192] Processing: Nikka Coffey Malt Whisky
  Fetching product page: https://whiskyandwhiskey.com/products/nikka-coffey-malt-japanese-whisky-750ml
  Found image URL: http://whiskyandwhiskey.com/cdn/shop/files/nikka-coffey-malt-japanese-whisky-750...
  Downloading to whiskey-nikka-coffey-malt-whisky-1765525990931-348-nikka-coffey-malt-whisky.jpg...
  ✓ Successfully downloaded
[141/192] Processing: Wild Turkey Rare Breed Barrel Proof Bourbon
  Fetching product page: https://whiskyandwhiskey.com/products/wild-turkey-rare-breed-barrel-proof-bourbon
  Found image URL: http://whiskyandwhiskey.com/cdn/shop/files/wild-turkey-rare-breed-barrel-proof-b...
  Downloading to whiskey-wild-turkey-rare-breed-barrel-proof-bourbon-1765525990932-356-wild-turkey-rare-breed-barrel-proof-bourbon.jpg...
  ✓ Successfully downloaded
[142/192] Processing: The Glenlivet 18 Year Single Malt Scotch Whisky
  Fetching product page: https://whiskyandwhiskey.com/products/the-glenlivet-18-year-old-single-malt-scotch-whisky
  Found image URL: http://whiskyandwhiskey.com/cdn/shop/files/the-glenlivet-18-year-old-single-malt...
  Downloading to whiskey-the-glenlivet-18-year-single-malt-scotch-whisky-1765525990933-364-the-glenlivet-18-year-single-malt-scotch-whisky.jpg...
  ✓ Successfully downloaded
[143/192] Processing: The Glenlivet 15 Year Single Malt Scotch Whisky
  Fetching product page: https://whiskyandwhiskey.com/products/the-glenlivet-15-year-old-single-malt-scotch-whisky
  Found image URL: http://whiskyandwhiskey.com/cdn/shop/files/the-glenlivet-15-year-old-single-malt...
  Downloading to whiskey-the-glenlivet-15-year-single-malt-scotch-whisky-1765525990933-372-the-glenlivet-15-year-single-malt-scotch-whisky.jpg...
  ✓ Successfully downloaded
[144/192] Processing: Jameson Original Irish Whiskey
  Fetching product page: https://whiskyandwhiskey.com/products/jameson-original-irish-whiskey
  Found image URL: http://whiskyandwhiskey.com/cdn/shop/files/jameson-original-irish-whiskey__001_c...
  Downloading to whiskey-jameson-original-irish-whiskey-1765525990934-380-jameson-original-irish-whiskey.jpg...
  ✓ Successfully downloaded
[145/192] Processing: Bushmills Black Bush Irish Whiskey
  Fetching product page: https://whiskyandwhiskey.com/products/bushmills-black-bush-irish-whiskey
  Found image URL: http://whiskyandwhiskey.com/cdn/shop/files/bushmills-black-bush-irish-whiskey_5f...
  Downloading to whiskey-bushmills-black-bush-irish-whiskey-1765525993766-8-bushmills-black-bush-irish-whiskey.jpg...
  ✓ Successfully downloaded
[146/192] Processing: Proper Twelve Irish Whiskey
  Fetching product page: https://whiskyandwhiskey.com/products/proper-twelve-whiskey-750ml
  Found image URL: http://whiskyandwhiskey.com/cdn/shop/files/proper-twelve-whiskey-750ml__001_6cec...
  Downloading to whiskey-proper-twelve-irish-whiskey-1765525993767-16-proper-twelve-irish-whiskey.jpg...
  ✓ Successfully downloaded
[147/192] Processing: Jack Daniel's Tennessee Apple
  Fetching product page: https://whiskyandwhiskey.com/products/jack-daniels-apple-750ml
  Found image URL: http://whiskyandwhiskey.com/cdn/shop/files/jack-daniels-apple-750ml__001_59e6122...
  Downloading to whiskey-jack-daniel-s-tennessee-apple-1765525993768-24-jack-daniel-s-tennessee-apple.jpg...
  ✓ Successfully downloaded
[148/192] Processing: Suntory Toki Japanese Whisky
  Fetching product page: https://whiskyandwhiskey.com/products/suntory-toki-japanese-whisky
  Found image URL: http://whiskyandwhiskey.com/cdn/shop/files/suntory-toki-japanese-whisky__001_638...
  Downloading to whiskey-suntory-toki-japanese-whisky-1765525993768-32-suntory-toki-japanese-whisky.jpg...
  ✓ Successfully downloaded
[149/192] Processing: Four Roses Bourbon Whiskey
  Fetching product page: https://whiskyandwhiskey.com/products/four-roses-bourbon-whiskey
  Found image URL: http://whiskyandwhiskey.com/cdn/shop/files/four-roses-bourbon-whiskey__001_0a08a...
  Downloading to whiskey-four-roses-bourbon-whiskey-1765525993769-40-four-roses-bourbon-whiskey.jpg...
  ✓ Successfully downloaded
[150/192] Processing: Balcones Texas Pot Still Bourbon Whiskey
  Fetching product page: https://whiskyandwhiskey.com/products/balcones-texas-pot-still-bourbon-92-proof-750ml
  Found image URL: http://whiskyandwhiskey.com/cdn/shop/files/balcones-texas-pot-still-bourbon-92-p...
  Downloading to whiskey-balcones-texas-pot-still-bourbon-whiskey-1765525993770-48-balcones-texas-pot-still-bourbon-whiskey.jpg...
  ✓ Successfully downloaded
[151/192] Processing: Uncle Nearest 1884 Small Batch Whiskey
  Fetching product page: https://whiskyandwhiskey.com/products/uncle-nearest-1884-small-batch-whiskey-750ml
  Found image URL: http://whiskyandwhiskey.com/cdn/shop/files/uncle-nearest-1884-small-batch-whiske...
  Downloading to whiskey-uncle-nearest-1884-small-batch-whiskey-1765525993771-56-uncle-nearest-1884-small-batch-whiskey.jpg...
  ✓ Successfully downloaded
[152/192] Processing: Pendleton Midnight Canadian Whisky
  Fetching product page: https://whiskyandwhiskey.com/products/pendleton-midnight-canadian-whisky-750ml
  Found image URL: http://whiskyandwhiskey.com/cdn/shop/files/pendleton-midnight-canadian-whisky-75...
  Downloading to whiskey-pendleton-midnight-canadian-whisky-1765525993773-64-pendleton-midnight-canadian-whisky.jpg...
  ✓ Successfully downloaded
[153/192] Processing: Garrison Brothers Small Batch Texas Straight Bourbon Whiskey
  Fetching product page: https://whiskyandwhiskey.com/products/garrison-brothers-small-batch-bourbon-750ml
  Found image URL: http://whiskyandwhiskey.com/cdn/shop/files/garrison-brothers-small-batch-bourbon...
  Downloading to whiskey-garrison-brothers-small-batch-texas-straight-bourbon-whiskey-1765525993774-72-garrison-brothers-small-batch-texas-straight-bourbon-whiskey.jpg...
  ✓ Successfully downloaded
[154/192] Processing: Hancock's President's Reserve Single Barrel Bourbon
  Fetching product page: https://whiskyandwhiskey.com/products/hancocks-presidents-reserve-single-barrel-bourbon-750ml
  Found image URL: http://whiskyandwhiskey.com/cdn/shop/files/hancocks-presidents-reserve-single-ba...
  Downloading to whiskey-hancock-s-president-s-reserve-single-barrel-bourbon-1765525993775-80-hancock-s-president-s-reserve-single-barrel-bourbon.jpg...
  ✓ Successfully downloaded
[155/192] Processing: Jameson Orange Irish Whiskey
  Fetching product page: https://whiskyandwhiskey.com/products/jameson-orange-irish-whiskey-750ml
  Found image URL: http://whiskyandwhiskey.com/cdn/shop/files/jameson-orange-irish-whiskey-750ml__0...
  Downloading to whiskey-jameson-orange-irish-whiskey-1765525993775-88-jameson-orange-irish-whiskey.jpg...
  ✓ Successfully downloaded
[156/192] Processing: FEW Single Barrel 'Whiskey Revolution' Barrel Pick Straight Bourbon Whiskey
  Fetching product page: https://whiskyandwhiskey.com/products/few-single-barrel-whiskey-revolution-barrel-pick-straight-bourbon-whiskey-750ml
  Found image URL: http://whiskyandwhiskey.com/cdn/shop/files/few-single-barrel-whiskey-revolution-...
  Downloading to whiskey-few-single-barrel-whiskey-revolution-barrel-pick-straight-bourbon-whiskey-1765525993776-96-few-single-barrel-whiskey-revolution-barrel-pick-straight-bourbon-whiskey.jpg...
  ✓ Successfully downloaded
[157/192] Processing: Glenfiddich 26 Year Grande Couronne Single Malt Scotch Whisky
  Fetching product page: https://whiskyandwhiskey.com/products/glenfiddich-26-year-old-grande-couronne-single-malt-scotch-whisky-750ml
  Found image URL: http://whiskyandwhiskey.com/cdn/shop/files/glenfiddich-26-year-old-grande-couron...
  Downloading to whiskey-glenfiddich-26-year-grande-couronne-single-malt-scotch-whisky-1765525993778-104-glenfiddich-26-year-grande-couronne-single-malt-scotch-whisky.jpg...
  ✓ Successfully downloaded
[158/192] Processing: Old Forester Birthday Bourbon - 2022 Release
  Fetching product page: https://whiskyandwhiskey.com/products/old-forester-birthday-bourbon-2021-release-750ml
  Found image URL: http://whiskyandwhiskey.com/cdn/shop/files/old-forester-birthday-bourbon-2021-re...
  Downloading to whiskey-old-forester-birthday-bourbon-2022-release-1765525993779-112-old-forester-birthday-bourbon-2022-release.jpg...
  ✓ Successfully downloaded
[159/192] Processing: Redwood Empire Emerald Giant Rye Whiskey
  Fetching product page: https://whiskyandwhiskey.com/products/redwood-empire-emerald-giant-rye-whiskey-750ml
  Found image URL: http://whiskyandwhiskey.com/cdn/shop/files/redwood-empire-emerald-giant-rye-whis...
  Downloading to whiskey-redwood-empire-emerald-giant-rye-whiskey-1765525993779-120-redwood-empire-emerald-giant-rye-whiskey.jpg...
  ✓ Successfully downloaded
[160/192] Processing: Benriach The Original Ten 10 Year Single Malt Scotch Whisky
  Fetching product page: https://whiskyandwhiskey.com/products/benriach-10-year-old-single-malt-scotch-whisky-750ml
  Found image URL: http://whiskyandwhiskey.com/cdn/shop/files/benriach-10-year-old-single-malt-scot...
  Downloading to whiskey-benriach-the-original-ten-10-year-single-malt-scotch-whisky-1765525993780-128-benriach-the-original-ten-10-year-single-malt-scotch-whisky.jpg...
  ✓ Successfully downloaded
[161/192] Processing: The Jack Daniel's Single Barrel Bundle
  Fetching product page: https://whiskyandwhiskey.com/products/the-jack-daniels-single-barrel-bundle
  Found image URL: http://whiskyandwhiskey.com/cdn/shop/files/the-jack-daniels-single-barrel-bundle...
  Downloading to whiskey-the-jack-daniel-s-single-barrel-bundle-1765525993781-136-the-jack-daniel-s-single-barrel-bundle.jpg...
  ✓ Successfully downloaded
[162/192] Processing: The Michter's US-1 Whiskey Bundle
  Fetching product page: https://whiskyandwhiskey.com/products/the-michters-us-1-whiskey-bundle
  Found image URL: http://whiskyandwhiskey.com/cdn/shop/files/the-michters-us-1-whiskey-bundle_v2_2...
  Downloading to whiskey-the-michter-s-us-1-whiskey-bundle-1765525993782-144-the-michter-s-us-1-whiskey-bundle.jpg...
  ✓ Successfully downloaded
[163/192] Processing: Teitessa 30 Year Single Grain Japanese Whisky
  Fetching product page: https://whiskyandwhiskey.com/products/teitessa-30-year-old-single-grain-japanese-whisky-750ml
  Found image URL: http://whiskyandwhiskey.com/cdn/shop/files/teitessa-30-year-old-single-grain-jap...
  Downloading to whiskey-teitessa-30-year-single-grain-japanese-whisky-1765525993783-152-teitessa-30-year-single-grain-japanese-whisky.jpg...
  ✓ Successfully downloaded
[164/192] Processing: Teitessa 15 Year Single Grain Japanese Whisky
  Fetching product page: https://whiskyandwhiskey.com/products/teitessa-15-year-old-single-grain-japanese-whisky-750ml
  Found image URL: http://whiskyandwhiskey.com/cdn/shop/files/teitessa-15-year-old-single-grain-jap...
  Downloading to whiskey-teitessa-15-year-single-grain-japanese-whisky-1765525993783-160-teitessa-15-year-single-grain-japanese-whisky.jpg...
  ✓ Successfully downloaded
[165/192] Processing: Russell's Reserve Single Barrel Bourbon Whiskey
  Fetching product page: https://whiskyandwhiskey.com/products/russells-reserve-single-barrel-bourbon-whiskey
  Found image URL: http://whiskyandwhiskey.com/cdn/shop/files/russells-reserve-single-barrel-bourbo...
  Downloading to whiskey-russell-s-reserve-single-barrel-bourbon-whiskey-1765525993784-168-russell-s-reserve-single-barrel-bourbon-whiskey.jpg...
  ✓ Successfully downloaded
[166/192] Processing: Dewar's 8 Year Portuguese Smooth Blended Scotch Whisky
  Fetching product page: https://whiskyandwhiskey.com/products/dewars-8-year-old-portuguese-smooth-blended-scotch-whisky
  Found image URL: http://whiskyandwhiskey.com/cdn/shop/files/dewars-8-year-old-portuguese-smooth-b...
  Downloading to whiskey-dewar-s-8-year-portuguese-smooth-blended-scotch-whisky-1765525993785-176-dewar-s-8-year-portuguese-smooth-blended-scotch-whisky.jpg...
  ✓ Successfully downloaded
[167/192] Processing: Michter's US*1 Toasted Barrel Finish 2021 Bourbon Whiskey
  Fetching product page: https://whiskyandwhiskey.com/products/michters-us-1-toasted-barrel-finish-2021-bourbon-whiskey-750ml
  Found image URL: http://whiskyandwhiskey.com/cdn/shop/files/michters-us-1-toasted-barrel-finish-2...
  Downloading to whiskey-michter-s-us-1-toasted-barrel-finish-2021-bourbon-whiskey-1765525993785-184-michter-s-us-1-toasted-barrel-finish-2021-bourbon-whiskey.jpg...
  ✓ Successfully downloaded
[168/192] Processing: The Dalmore King Alexander III Single Malt Scotch Whisky
  Fetching product page: https://whiskyandwhiskey.com/products/the-dalmore-king-alexander-iii-single-malt-scotch-whisky
  Found image URL: http://whiskyandwhiskey.com/cdn/shop/files/the-dalmore-king-alexander-iii-single...
  Downloading to whiskey-the-dalmore-king-alexander-iii-single-malt-scotch-whisky-1765525993786-192-the-dalmore-king-alexander-iii-single-malt-scotch-whisky.jpg...
  ✓ Successfully downloaded
[169/192] Processing: Kamiki Maltage Sakura Wood Japanese Whisky
  Fetching product page: https://whiskyandwhiskey.com/products/kamiki-maltage-japanese-whiskey-finished-in-cedar-sakura-casks-750ml
  Found image URL: http://whiskyandwhiskey.com/cdn/shop/files/kamiki-maltage-japanese-whiskey-finis...
  Downloading to whiskey-kamiki-maltage-sakura-wood-japanese-whisky-1765525993787-200-kamiki-maltage-sakura-wood-japanese-whisky.jpg...
  ✓ Successfully downloaded
[170/192] Processing: The Macallan Double Cask Gold Single Malt Scotch Whisky
  Fetching product page: https://whiskyandwhiskey.com/products/macallan-double-cask-gold-scotch-single-malt-whiskey-750ml
  Found image URL: http://whiskyandwhiskey.com/cdn/shop/files/macallan-double-cask-gold-scotch-sing...
  Downloading to whiskey-the-macallan-double-cask-gold-single-malt-scotch-whisky-1765525993788-206-the-macallan-double-cask-gold-single-malt-scotch-whisky.jpg...
  ✓ Successfully downloaded
[171/192] Processing: Oban Little Bay Single Malt Scotch Whisky
  Fetching product page: https://whiskyandwhiskey.com/products/oban-little-bay-single-malt-scotch-whisky-750ml
  Found image URL: http://whiskyandwhiskey.com/cdn/shop/files/oban-little-bay-single-malt-scotch-wh...
  Downloading to whiskey-oban-little-bay-single-malt-scotch-whisky-1765525993789-214-oban-little-bay-single-malt-scotch-whisky.jpg...
  ✓ Successfully downloaded
[172/192] Processing: Nikka Days Blended Whisky
  Fetching product page: https://whiskyandwhiskey.com/products/nikka-days-smooth-delicate-blended-whisky-750ml
  Found image URL: http://whiskyandwhiskey.com/cdn/shop/files/nikka-days-smooth-delicate-blended-wh...
  Downloading to whiskey-nikka-days-blended-whisky-1765525993790-222-nikka-days-blended-whisky.jpg...
  ✓ Successfully downloaded
[173/192] Processing: Old Forester Statesmen Kentucky Straight Bourbon
  Fetching product page: https://whiskyandwhiskey.com/products/old-forester-statesmen-kentucky-straight-bourbon-whiskey-750ml
  Found image URL: http://whiskyandwhiskey.com/cdn/shop/files/old-forester-statesmen-kentucky-strai...
  Downloading to whiskey-old-forester-statesmen-kentucky-straight-bourbon-1765525993791-230-old-forester-statesmen-kentucky-straight-bourbon.jpg...
  ✓ Successfully downloaded
[174/192] Processing: Jim Beam Single Barrel Straight Bourbon Whiskey
  Fetching product page: https://whiskyandwhiskey.com/products/jim-beam-single-barrel-selected-batch-108-proof-750ml
  Found image URL: http://whiskyandwhiskey.com/cdn/shop/files/jim-beam-single-barrel-selected-batch...
  Downloading to whiskey-jim-beam-single-barrel-straight-bourbon-whiskey-1765525993792-238-jim-beam-single-barrel-straight-bourbon-whiskey.jpg...
  ✓ Successfully downloaded
[175/192] Processing: Amador Double Barrel Bourbon Finished Chardonnay Barrels
  Fetching product page: https://whiskyandwhiskey.com/products/amador-double-barrel-bourbon-whiskey-750ml
  Found image URL: http://whiskyandwhiskey.com/cdn/shop/files/amador-double-barrel-bourbon-whiskey-...
  Downloading to whiskey-amador-double-barrel-bourbon-finished-chardonnay-barrels-1765525993793-246-amador-double-barrel-bourbon-finished-chardonnay-barrels.jpg...
  ✓ Successfully downloaded
[176/192] Processing: Dalwhinnie 15 Year Single Malt Scotch Whisky
  Fetching product page: https://whiskyandwhiskey.com/products/dalwhinnie-15-year-old-single-malt-scotch-whisky
  Found image URL: http://whiskyandwhiskey.com/cdn/shop/files/dalwhinnie-15-year-old-single-malt-sc...
  Downloading to whiskey-dalwhinnie-15-year-single-malt-scotch-whisky-1765525993794-254-dalwhinnie-15-year-single-malt-scotch-whisky.jpg...
  ✓ Successfully downloaded
[177/192] Processing: Balblair 12 Year Single Malt Scotch Whisky
  Fetching product page: https://whiskyandwhiskey.com/products/balblair-12-year-old-highland-single-malt-scotch-whisky-750ml
  Found image URL: http://whiskyandwhiskey.com/cdn/shop/files/balblair-12-year-old-highland-single-...
  Downloading to whiskey-balblair-12-year-single-malt-scotch-whisky-1765525993794-262-balblair-12-year-single-malt-scotch-whisky.jpg...
  ✓ Successfully downloaded
[178/192] Processing: Elijah Craig Barrel Proof Bourbon Whiskey
  Fetching product page: https://whiskyandwhiskey.com/products/elijah-craig-barrel-proof-batch-b520-bourbon-whiskey-750ml
  Found image URL: http://whiskyandwhiskey.com/cdn/shop/files/elijah-craig-barrel-proof-batch-b520-...
  Downloading to whiskey-elijah-craig-barrel-proof-bourbon-whiskey-1765525993795-270-elijah-craig-barrel-proof-bourbon-whiskey.jpg...
  ✓ Successfully downloaded
[179/192] Processing: Glenfiddich 21 Year Gran Reserva Single Malt Scotch Whisky
  Fetching product page: https://whiskyandwhiskey.com/products/glenfiddich-21-year-old-gran-reserva-single-malt-scotch-whisky
  Found image URL: http://whiskyandwhiskey.com/cdn/shop/files/glenfiddich-21-year-old-gran-reserva-...
  Downloading to whiskey-glenfiddich-21-year-gran-reserva-single-malt-scotch-whisky-1765525993796-278-glenfiddich-21-year-gran-reserva-single-malt-scotch-whisky.jpg...
  ✓ Successfully downloaded
[180/192] Processing: Nikka Taketsuru Pure Malt Whisky
  Fetching product page: https://whiskyandwhiskey.com/products/nikka-taketsuru-pure-malt-japanese-whisky-750ml
  Found image URL: http://whiskyandwhiskey.com/cdn/shop/files/nikka-taketsuru-pure-malt-japanese-wh...
  Downloading to whiskey-nikka-taketsuru-pure-malt-whisky-1765525993796-286-nikka-taketsuru-pure-malt-whisky.jpg...
  ✓ Successfully downloaded
[181/192] Processing: Cutwater Devil's Share 4 Year Bourbon Whiskey
  Fetching product page: https://whiskyandwhiskey.com/products/cutwater-devils-share-4-year-old-bourbon-whiskey
  Found image URL: http://whiskyandwhiskey.com/cdn/shop/files/cutwater-devils-share-4-year-old-bour...
  Downloading to whiskey-cutwater-devil-s-share-4-year-bourbon-whiskey-1765525993797-294-cutwater-devil-s-share-4-year-bourbon-whiskey.jpg...
  ✓ Successfully downloaded
[182/192] Processing: Eight Ball Chocolate Flavored Whiskey
  Fetching product page: https://whiskyandwhiskey.com/products/8-ball-chocolate-whiskey-750ml
  Found image URL: http://whiskyandwhiskey.com/cdn/shop/files/8-ball-chocolate-whiskey-750ml_ea2f85...
  Downloading to whiskey-eight-ball-chocolate-flavored-whiskey-1765525993798-302-eight-ball-chocolate-flavored-whiskey.jpg...
  ✓ Successfully downloaded
[183/192] Processing: Chivas Regal 12 Year Blended Scotch Whisky
  Fetching product page: https://whiskyandwhiskey.com/products/chivas-regal-12-year-old-blended-scotch-whisky
  Found image URL: http://whiskyandwhiskey.com/cdn/shop/files/chivas-regal-12-year-old-blended-scot...
  Downloading to whiskey-chivas-regal-12-year-blended-scotch-whisky-1765525993799-310-chivas-regal-12-year-blended-scotch-whisky.jpg...
  ✓ Successfully downloaded
[184/192] Processing: Crown Royal Vanilla Whisky
  Fetching product page: https://whiskyandwhiskey.com/products/crown-royal-vanilla-whisky
  Found image URL: http://whiskyandwhiskey.com/cdn/shop/files/crown-royal-vanilla-whisky_v2_7276fc0...
  Downloading to whiskey-crown-royal-vanilla-whisky-1765525993799-318-crown-royal-vanilla-whisky.jpg...
  ✓ Successfully downloaded
[185/192] Processing: Jack Daniel's Sinatra Select Tennessee Whiskey 1L
  Fetching product page: https://whiskyandwhiskey.com/products/jack-daniels-sinatra-select-1ltr
  Found image URL: http://whiskyandwhiskey.com/cdn/shop/files/jack-daniels-sinatra-select-1ltr_v2_8...
  Downloading to whiskey-jack-daniel-s-sinatra-select-tennessee-whiskey-1l-1765525993800-326-jack-daniel-s-sinatra-select-tennessee-whiskey-1l.jpg...
  ✓ Successfully downloaded
[186/192] Processing: The Balvenie 12 Year DoubleWood Single Malt Scotch Whisky
  Fetching product page: https://whiskyandwhiskey.com/products/balvenie-scotch-12yr-750ml
  Found image URL: http://whiskyandwhiskey.com/cdn/shop/files/balvenie-scotch-12yr-750ml_91a8b80d-3...
  Downloading to whiskey-the-balvenie-12-year-doublewood-single-malt-scotch-whisky-1765525993801-334-the-balvenie-12-year-doublewood-single-malt-scotch-whisky.jpg...
  ✓ Successfully downloaded
[187/192] Processing: Breckenridge PX Cask Finish Bourbon Whiskey
  Fetching product page: https://whiskyandwhiskey.com/products/breckenridge-px-cask-bourbon-750ml
  Found image URL: http://whiskyandwhiskey.com/cdn/shop/files/breckenridge-px-cask-bourbon-750ml__0...
  Downloading to whiskey-breckenridge-px-cask-finish-bourbon-whiskey-1765525993802-342-breckenridge-px-cask-finish-bourbon-whiskey.jpg...
  ✓ Successfully downloaded
[188/192] Processing: Breckenridge High Proof Blend Bourbon Whiskey
  Fetching product page: https://whiskyandwhiskey.com/products/breckenridge-high-proof-blend-bourbon-750ml
  Found image URL: http://whiskyandwhiskey.com/cdn/shop/files/breckenridge-high-proof-blend-bourbon...
  Downloading to whiskey-breckenridge-high-proof-blend-bourbon-whiskey-1765525993802-350-breckenridge-high-proof-blend-bourbon-whiskey.jpg...
  ✓ Successfully downloaded
[189/192] Processing: The Dalmore Cigar Malt Reserve Single Malt Scotch Whisky
  Fetching product page: https://whiskyandwhiskey.com/products/the-dalmore-cigar-malt-scotch-750ml
  Found image URL: http://whiskyandwhiskey.com/cdn/shop/files/the-dalmore-cigar-malt-scotch-750ml__...
  Downloading to whiskey-the-dalmore-cigar-malt-reserve-single-malt-scotch-whisky-1765525993803-358-the-dalmore-cigar-malt-reserve-single-malt-scotch-whisky.jpg...
  ✓ Successfully downloaded
[190/192] Processing: Devils River Rye Whiskey
  Fetching product page: https://whiskyandwhiskey.com/products/devils-river-rye-whiskey-750ml
  Found image URL: http://whiskyandwhiskey.com/cdn/shop/files/devils-river-rye-whiskey-750ml_6089c6...
  Downloading to whiskey-devils-river-rye-whiskey-1765525993804-366-devils-river-rye-whiskey.jpg...
  ✓ Successfully downloaded
[191/192] Processing: Dewar's White Label Blended Scotch Whisky
  Fetching product page: https://whiskyandwhiskey.com/products/dewars-white-label-blended-scotch-whisky
  Found image URL: http://whiskyandwhiskey.com/cdn/shop/files/dewars-white-label-blended-scotch-whi...
  Downloading to whiskey-dewar-s-white-label-blended-scotch-whisky-1765525993805-374-dewar-s-white-label-blended-scotch-whisky.jpg...
  ✓ Successfully downloaded
[192/192] Processing: Pendleton Canadian Whisky
  Fetching product page: https://whiskyandwhiskey.com/products/pendleton-canadian-whiskey-750ml
  Found image URL: http://whiskyandwhiskey.com/cdn/shop/files/pendleton-canadian-whiskey-750ml_72d6...
  Downloading to whiskey-pendleton-canadian-whisky-1765525993806-382-pendleton-canadian-whisky.jpg...
  ✓ Successfully downloaded

=== Summary ===
Total products needing images: 192
Successfully downloaded: 192
Failed: 0
Updated data saved to: C:\Users\Tebi Njeik\Documents\New folder\whiskey-1\data\whiskey-products-enhanced.json
