Enhancing 48 products with detailed information...

[1/48] Processing 10th Mountain Bourbon Whiskey...
Fetching product details from https://whiskyandwhiskey.com/products/10th-mountain-bourbon-whiskey-750ml...
  ✓ Added details
[2/48] Processing Angel's Envy Kentucky Straight Bourbon Whiskey...
Fetching product details from https://whiskyandwhiskey.com/products/angel-s-envy-bourbon-port-finish-750ml...
  ✓ Added details
[3/48] Processing Basil Hayden Kentucky Straight Bourbon Whiskey...
Fetching product details from https://whiskyandwhiskey.com/products/basil-hayden-kentucky-straight-bourbon-whiskey...
  ✓ Added details
[4/48] Processing BLACKENED American Whiskey...
Fetching product details from https://whiskyandwhiskey.com/products/blackened-whiskey-750ml...
  ✓ Added details
[5/48] Processing Blanton's Single Barrel Bourbon Whiskey...
Fetching product details from https://whiskyandwhiskey.com/products/blantons-single-barrel-bourbon-whiskey...
  ✓ Added details
[6/48] Processing Brother's Bond Straight Bourbon Whiskey...
Fetching product details from https://whiskyandwhiskey.com/products/brothers-bond-straight-bourbon-whiskey...
  ✓ Added details
[7/48] Processing Buffalo Trace Bourbon Cream Liqueur...
Fetching product details from https://whiskyandwhiskey.com/products/buffalo-trace-bourbon-cream-liqueur...
  ✓ Added details
[8/48] Processing Buffalo Trace Bourbon Whiskey...
Fetching product details from https://whiskyandwhiskey.com/products/buffalo-trace-bourbon-whiskey...
  ✓ Added details
[9/48] Processing Buffalo Trace White Dog Mash #1 Whiskey 375ML...
Fetching product details from https://whiskyandwhiskey.com/products/buffalo-trace-white-dog-mash-1-whiskey-375ml...
  ✓ Added details
[10/48] Processing Bulleit 10 Year Bourbon Whiskey...
Fetching product details from https://whiskyandwhiskey.com/products/bulleit-bourbon-10yr-750ml...
  ✓ Added details
[11/48] Processing Calumet Farm 8 Year Kentucky Straight Bourbon Whiskey...
Fetching product details from https://whiskyandwhiskey.com/products/calumet-farm-8-year-old-kentucky-straight-bourbon-whiskey-750ml...
  ✓ Added details
[12/48] Processing Cooperstown Doubleday Baseball Bourbon Whiskey...
Fetching product details from https://whiskyandwhiskey.com/products/cooperstown-doubleday-baseball-bourbon-whiskey-750ml...
  ✓ Added details
[13/48] Processing Crown Royal Peach Whisky...
Fetching product details from https://whiskyandwhiskey.com/products/crown-royal-peach-750ml...
  ✓ Added details
[14/48] Processing Dough Ball Cookie Dough Whiskey...
Fetching product details from https://whiskyandwhiskey.com/products/dough-ball-cookie-dough-whiskey...
  ✓ Added details
[15/48] Processing Eagle Rare 10 Year Kentucky Straight Bourbon Whiskey...
Fetching product details from https://whiskyandwhiskey.com/products/eagle-rare-10-year-old-kentucky-straight-bourbon-whiskey...
  ✓ Added details
[16/48] Processing Four Roses Single Barrel Bourbon Whiskey...
Fetching product details from https://whiskyandwhiskey.com/products/four-roses-single-barrel-bourbon-whiskey...
  ✓ Added details
[17/48] Processing Four Roses Small Batch Bourbon Whiskey...
Fetching product details from https://whiskyandwhiskey.com/products/four-roses-small-batch-bourbon-whiskey...
  ✓ Added details
[18/48] Processing Four Roses Small Batch Select Bourbon Whiskey...
Fetching product details from https://whiskyandwhiskey.com/products/four-roses-small-batch-select-bourbon-whiskey...
  ✓ Added details
[19/48] Processing Garrison Brothers Single Barrel Texas Straight Bourbon Whiskey...
Fetching product details from https://whiskyandwhiskey.com/products/garrison-brothers-single-barrel-texas-straight-bourbon-whiskey...
  ✓ Added details
[20/48] Processing George Dickel Barrel Select Whisky...
Fetching product details from https://whiskyandwhiskey.com/products/george-dickel-barrel-select-tennessee-whisky-750ml...
  ✓ Added details
[21/48] Processing Glenfiddich 14 Year Bourbon Barrel Reserve Single Malt Scotch Whisky...
Fetching product details from https://whiskyandwhiskey.com/products/glenfiddich-14-year-old-bourbon-barrel-reserve-single-malt-scotch-whisky...
  ✓ Added details
[22/48] Processing Heaven's Door Trilogy Collection 3/200ML...
Fetching product details from https://whiskyandwhiskey.com/products/heavens-door-trilogy-collection-3-200ml...
  ✓ Added details
[23/48] Processing Henry McKenna 10 Year Single Barrel Bourbon Whiskey...
Fetching product details from https://whiskyandwhiskey.com/products/henry-mckenna-10-year-old-single-barrel-bourbon-whiskey...
  ✓ Added details
[24/48] Processing Hibiki Japanese Harmony Whisky...
Fetching product details from https://whiskyandwhiskey.com/products/hibiki-japanese-harmony-whisky...
  ✓ Added details
[25/48] Processing High West Bourbon Whiskey...
Fetching product details from https://whiskyandwhiskey.com/products/high-west-bourbon-whiskey...
  ✓ Added details
[26/48] Processing Jack Daniel's Gentleman Jack Whiskey...
Fetching product details from https://whiskyandwhiskey.com/products/jack-daniels-gentleman-jack-whiskey...
  ✓ Added details
[27/48] Processing Jack Daniel's Single Barrel Select Barrel Proof Whiskey...
Fetching product details from https://whiskyandwhiskey.com/products/jack-daniels-single-barrel-select-barrel-proof-750ml...
  ✓ Added details
[28/48] Processing Jefferson's Ocean Aged At Sea Bourbon...
Fetching product details from https://whiskyandwhiskey.com/products/jeffersons-ocean-aged-at-sea-bourbon...
  ✓ Added details
[29/48] Processing Lagavulin 16 Year Single Malt Scotch Whisky...
Fetching product details from https://whiskyandwhiskey.com/products/lagavulin-16-year-old-single-malt-scotch-whisky...
  ✓ Added details
